This file contains any messages produced by compilers while
running configure, to aid debugging if configure makes a mistake.

It was created by LaunchMON configure 1.0.1, which was
generated by GNU Autoconf 2.63.  Invocation command line was

  $ ./configure --prefix=/g/g19/liu50/bin/cab/ --with-test-rm=slurm --enable-debug --no-create --no-recursion

## --------- ##
## Platform. ##
## --------- ##

hostname = cab670
uname -m = x86_64
uname -r = 2.6.32-504.12.2.2chaos.ch5.3.x86_64
uname -s = Linux
uname -v = #1 SMP Fri Mar 20 13:20:55 PDT 2015

/usr/bin/uname -p = unknown
/bin/uname -X     = unknown

/bin/arch              = x86_64
/usr/bin/arch -k       = unknown
/usr/convex/getsysinfo = unknown
/usr/bin/hostinfo      = unknown
/bin/machine           = unknown
/usr/bin/oslevel       = unknown
/bin/universe          = unknown

PATH: /g/g19/liu50/bin/cab/launchmon/
PATH: /usr/lib64/qt-3.3/bin
PATH: /usr/local/bin
PATH: /bin
PATH: /usr/bin
PATH: /usr/local/sbin
PATH: /usr/sbin
PATH: /sbin
PATH: /usr/global/tools/totalview/m/cab/default/bin
PATH: /collab/usr/global/tools/git/chaos_5_x86_64_ib/git-2.0.0/bin
PATH: .


## ----------- ##
## Core tests. ##
## ----------- ##

configure:2209: checking for a BSD-compatible install
configure:2277: result: /usr/bin/install -c
configure:2288: checking whether build environment is sane
configure:2348: result: yes
configure:2489: checking for a thread-safe mkdir -p
configure:2528: result: /bin/mkdir -p
configure:2541: checking for gawk
configure:2557: found /bin/gawk
configure:2568: result: gawk
configure:2579: checking whether make sets $(MAKE)
configure:2601: result: yes
configure:2689: checking build system type
configure:2707: result: x86_64-redhat-linux-gnu
configure:2729: checking host system type
configure:2744: result: x86_64-redhat-linux-gnu
configure:2978: checking whether to enable debug codes
configure:3001: result: yes
configure:3019: checking whether to enable verbose codes
configure:3058: result: no
configure:3065: checking communication fabric type for bootstrapping
configure:3267: result: cobo:yes
configure:3276: checking whether to configure and build gcrypt
configure:3327: result: yes
configure:3343: checking for style of include used by make
configure:3371: result: GNU
configure:3441: checking for gcc
configure:3457: found /usr/local/bin/gcc
configure:3468: result: gcc
configure:3700: checking for C compiler version
configure:3708: gcc --version >&5
gcc (GCC) 4.4.7 20120313 (Red Hat 4.4.7-11)
Copyright (C) 2010 Free Software Foundation, Inc.
This is free software; see the source for copying conditions.  There is NO
warranty; not even for MERCHANTABILITY or FITNESS FOR A PARTICULAR PURPOSE.

configure:3712: $? = 0
configure:3719: gcc -v >&5
Using built-in specs.
Target: x86_64-redhat-linux
Configured with: ../configure --prefix=/usr --mandir=/usr/share/man --infodir=/usr/share/info --with-bugurl=http://bugzilla.redhat.com/bugzilla --enable-bootstrap --enable-shared --enable-threads=posix --enable-checking=release --with-system-zlib --enable-__cxa_atexit --disable-libunwind-exceptions --enable-gnu-unique-object --enable-languages=c,c++,objc,obj-c++,java,fortran,ada --enable-java-awt=gtk --disable-dssi --with-java-home=/usr/lib/jvm/java-1.5.0-gcj-1.5.0.0/jre --enable-libgcj-multifile --enable-java-maintainer-mode --with-ecj-jar=/usr/share/java/eclipse-ecj.jar --disable-libjava-multilib --with-ppl --with-cloog --with-tune=generic --with-arch_32=i686 --build=x86_64-redhat-linux
Thread model: posix
gcc version 4.4.7 20120313 (Red Hat 4.4.7-11) (GCC) 
configure:3723: $? = 0
configure:3730: gcc -V >&5
gcc: '-V' option must have argument
configure:3734: $? = 1
configure:3757: checking for C compiler default output file name
configure:3779: gcc -g    conftest.c  >&5
configure:3783: $? = 0
configure:3821: result: a.out
configure:3840: checking whether the C compiler works
configure:3850: ./a.out
configure:3854: $? = 0
configure:3873: result: yes
configure:3880: checking whether we are cross compiling
configure:3882: result: no
configure:3885: checking for suffix of executables
configure:3892: gcc -o conftest -g    conftest.c  >&5
configure:3896: $? = 0
configure:3922: result: 
configure:3928: checking for suffix of object files
configure:3954: gcc -c -g   conftest.c >&5
configure:3958: $? = 0
configure:3983: result: o
configure:3987: checking whether we are using the GNU C compiler
configure:4016: gcc -c -g   conftest.c >&5
configure:4023: $? = 0
configure:4040: result: yes
configure:4049: checking whether gcc accepts -g
configure:4079: gcc -c -g  conftest.c >&5
configure:4086: $? = 0
configure:4187: result: yes
configure:4204: checking for gcc option to accept ISO C89
configure:4278: gcc  -c -g   conftest.c >&5
configure:4285: $? = 0
configure:4308: result: none needed
configure:4328: checking dependency style of gcc
configure:4438: result: gcc3
configure:4459: checking how to run the C preprocessor
configure:4499: gcc -E  conftest.c
configure:4506: $? = 0
configure:4537: gcc -E  conftest.c
conftest.c:25:28: error: ac_nonexistent.h: No such file or directory
configure:4544: $? = 1
configure: failed program was:
| /* confdefs.h.  */
| #define PACKAGE_NAME "LaunchMON"
| #define PACKAGE_TARNAME "launchmon"
| #define PACKAGE_VERSION "1.0.1"
| #define PACKAGE_STRING "LaunchMON 1.0.1"
| #define PACKAGE_BUGREPORT "ahn1@llnl.gov"
| #define PACKAGE "launchmon"
| #define VERSION "1.0.1"
| #define LINUX_CODE_REQUIRED 1
| #define X86_64_ARCHITECTURE 1
| #define BIT64 1
| #define TARGET_OS_ISA_STRING "linux-x86_64"
| #define TARGET_RM_STRING "generic"
| #define DEBUG 1
| #define COBO_BASED 1
| #define TEST_MORE_COLL 1
| #define TOOL_HOST_ENV "LMON_FE_WHERETOCONNECT_ADDR"
| #define TOOL_PORT_ENV "LMON_FE_WHERETOCONNECT_PORT"
| #define TOOL_SS_ENV "LMON_SHARED_SECRET"
| #define TOOL_SCH_ENV "LMON_SEC_CHK"
| #define COBO_BEGIN_PORT 20101
| #define COBO_PORT_RANGE 32
| #define GCRYPT 1
| /* end confdefs.h.  */
| #include <ac_nonexistent.h>
configure:4577: result: gcc -E
configure:4606: gcc -E  conftest.c
configure:4613: $? = 0
configure:4644: gcc -E  conftest.c
conftest.c:25:28: error: ac_nonexistent.h: No such file or directory
configure:4651: $? = 1
configure: failed program was:
| /* confdefs.h.  */
| #define PACKAGE_NAME "LaunchMON"
| #define PACKAGE_TARNAME "launchmon"
| #define PACKAGE_VERSION "1.0.1"
| #define PACKAGE_STRING "LaunchMON 1.0.1"
| #define PACKAGE_BUGREPORT "ahn1@llnl.gov"
| #define PACKAGE "launchmon"
| #define VERSION "1.0.1"
| #define LINUX_CODE_REQUIRED 1
| #define X86_64_ARCHITECTURE 1
| #define BIT64 1
| #define TARGET_OS_ISA_STRING "linux-x86_64"
| #define TARGET_RM_STRING "generic"
| #define DEBUG 1
| #define COBO_BASED 1
| #define TEST_MORE_COLL 1
| #define TOOL_HOST_ENV "LMON_FE_WHERETOCONNECT_ADDR"
| #define TOOL_PORT_ENV "LMON_FE_WHERETOCONNECT_PORT"
| #define TOOL_SS_ENV "LMON_SHARED_SECRET"
| #define TOOL_SCH_ENV "LMON_SEC_CHK"
| #define COBO_BEGIN_PORT 20101
| #define COBO_PORT_RANGE 32
| #define GCRYPT 1
| /* end confdefs.h.  */
| #include <ac_nonexistent.h>
configure:4691: checking for grep that handles long lines and -e
configure:4751: result: /bin/grep
configure:4756: checking for egrep
configure:4820: result: /bin/grep -E
configure:4825: checking for ANSI C header files
configure:4855: gcc -c -g   conftest.c >&5
configure:4862: $? = 0
configure:4961: gcc -o conftest -g    conftest.c  >&5
configure:4965: $? = 0
configure:4971: ./conftest
configure:4975: $? = 0
configure:4993: result: yes
configure:5017: checking for sys/types.h
configure:5038: gcc -c -g   conftest.c >&5
configure:5045: $? = 0
configure:5062: result: yes
configure:5017: checking for sys/stat.h
configure:5038: gcc -c -g   conftest.c >&5
configure:5045: $? = 0
configure:5062: result: yes
configure:5017: checking for stdlib.h
configure:5038: gcc -c -g   conftest.c >&5
configure:5045: $? = 0
configure:5062: result: yes
configure:5017: checking for string.h
configure:5038: gcc -c -g   conftest.c >&5
configure:5045: $? = 0
configure:5062: result: yes
configure:5017: checking for memory.h
configure:5038: gcc -c -g   conftest.c >&5
configure:5045: $? = 0
configure:5062: result: yes
configure:5017: checking for strings.h
configure:5038: gcc -c -g   conftest.c >&5
configure:5045: $? = 0
configure:5062: result: yes
configure:5017: checking for inttypes.h
configure:5038: gcc -c -g   conftest.c >&5
configure:5045: $? = 0
configure:5062: result: yes
configure:5017: checking for stdint.h
configure:5038: gcc -c -g   conftest.c >&5
configure:5045: $? = 0
configure:5062: result: yes
configure:5017: checking for unistd.h
configure:5038: gcc -c -g   conftest.c >&5
configure:5045: $? = 0
configure:5062: result: yes
configure:5081: checking for sys/types.h
configure:5088: result: yes
configure:5276: checking for pkg-config
configure:5294: found /usr/bin/pkg-config
configure:5306: result: /usr/bin/pkg-config
configure:5331: checking pkg-config is at least version 0.9.0
configure:5334: result: yes
configure:5374: checking for MUNGE
configure:5381: $PKG_CONFIG --exists --print-errors "munge"
configure:5384: $? = 0
configure:5397: $PKG_CONFIG --exists --print-errors "munge"
configure:5400: $? = 0
configure:5437: result: yes
configure:5447: checking for munge.h
configure:5470: gcc -c -g     conftest.c >&5
configure:5477: $? = 0
configure:5492: result: yes
configure:5502: checking for munge_encode in -lmunge
configure:5537: gcc -o conftest -g      conftest.c -lmunge   -lmunge   >&5
configure:5544: $? = 0
configure:5565: result: yes
configure:5637: Enabling munge for security authentication
configure:5666: checking whether to use my boost
configure:5695: result: no
configure:5701: checking whether to enable tracing cost measurng codes
configure:5721: result: no
configure:5733: checking the number of compute nodes that standard test cases should use
configure:5754: result: 2
configure:5758: checking the number of cores per SMP node [IBM Blue Gene Note: the number of compute nodes per IO node]
configure:5787: result: 32
configure:5791: checking resource manager to test [slurm bgqrm alps orte]
configure:5876: result: slurm:yes
configure:6108: checking a set of hosts that middleware testing should use
configure:6132: result: cab670
configure:6195: checking for g++
configure:6211: found /usr/local/bin/g++
configure:6222: result: g++
configure:6249: checking for C++ compiler version
configure:6257: g++ --version >&5
g++ (GCC) 4.4.7 20120313 (Red Hat 4.4.7-11)
Copyright (C) 2010 Free Software Foundation, Inc.
This is free software; see the source for copying conditions.  There is NO
warranty; not even for MERCHANTABILITY or FITNESS FOR A PARTICULAR PURPOSE.

configure:6261: $? = 0
configure:6268: g++ -v >&5
Using built-in specs.
Target: x86_64-redhat-linux
Configured with: ../configure --prefix=/usr --mandir=/usr/share/man --infodir=/usr/share/info --with-bugurl=http://bugzilla.redhat.com/bugzilla --enable-bootstrap --enable-shared --enable-threads=posix --enable-checking=release --with-system-zlib --enable-__cxa_atexit --disable-libunwind-exceptions --enable-gnu-unique-object --enable-languages=c,c++,objc,obj-c++,java,fortran,ada --enable-java-awt=gtk --disable-dssi --with-java-home=/usr/lib/jvm/java-1.5.0-gcj-1.5.0.0/jre --enable-libgcj-multifile --enable-java-maintainer-mode --with-ecj-jar=/usr/share/java/eclipse-ecj.jar --disable-libjava-multilib --with-ppl --with-cloog --with-tune=generic --with-arch_32=i686 --build=x86_64-redhat-linux
Thread model: posix
gcc version 4.4.7 20120313 (Red Hat 4.4.7-11) (GCC) 
configure:6272: $? = 0
configure:6279: g++ -V >&5
g++: '-V' option must have argument
configure:6283: $? = 1
configure:6286: checking whether we are using the GNU C++ compiler
configure:6315: g++ -c -g   conftest.cpp >&5
configure:6322: $? = 0
configure:6339: result: yes
configure:6348: checking whether g++ accepts -g
configure:6378: g++ -c -g  conftest.cpp >&5
configure:6385: $? = 0
configure:6486: result: yes
configure:6511: checking dependency style of g++
configure:6621: result: gcc3
configure:6650: checking for a BSD-compatible install
configure:6718: result: /usr/bin/install -c
configure:6754: checking for a sed that does not truncate output
configure:6820: result: /bin/sed
configure:6838: checking for fgrep
configure:6902: result: /bin/grep -F
configure:6937: checking for ld used by gcc
configure:7004: result: /usr/local/bin/ld
configure:7013: checking if the linker (/usr/local/bin/ld) is GNU ld
configure:7028: result: yes
configure:7040: checking for BSD- or MS-compatible name lister (nm)
configure:7089: result: /usr/bin/nm -B
configure:7207: checking the name lister (/usr/bin/nm -B) interface
configure:7214: gcc -c -g   conftest.c >&5
configure:7217: /usr/bin/nm -B "conftest.o"
configure:7220: output
0000000000000000 B some_variable
configure:7227: result: BSD nm
configure:7230: checking whether ln -s works
configure:7234: result: yes
configure:7242: checking the maximum length of command line arguments
configure:7362: result: 3458764513820540925
configure:7379: checking whether the shell understands some XSI constructs
configure:7389: result: yes
configure:7393: checking whether the shell understands "+="
configure:7399: result: yes
configure:7434: checking for /usr/local/bin/ld option to reload object files
configure:7441: result: -r
configure:7510: checking for objdump
configure:7526: found /usr/bin/objdump
configure:7537: result: objdump
configure:7569: checking how to recognize dependent libraries
configure:7765: result: pass_all
configure:7825: checking for ar
configure:7841: found /usr/bin/ar
configure:7852: result: ar
configure:7930: checking for strip
configure:7946: found /usr/bin/strip
configure:7957: result: strip
configure:8029: checking for ranlib
configure:8045: found /usr/bin/ranlib
configure:8056: result: ranlib
configure:8146: checking command to parse /usr/bin/nm -B output from gcc object
configure:8264: gcc -c -g   conftest.c >&5
configure:8267: $? = 0
configure:8271: /usr/bin/nm -B conftest.o \| sed -n -e 's/^.*[	 ]\([ABCDGIRSTW][ABCDGIRSTW]*\)[	 ][	 ]*\([_A-Za-z][_A-Za-z0-9]*\)$/\1 \2 \2/p' \> conftest.nm
configure:8274: $? = 0
configure:8328: gcc -o conftest -g    conftest.c conftstm.o >&5
configure:8331: $? = 0
configure:8369: result: ok
configure:8464: gcc -c -g   conftest.c >&5
configure:8467: $? = 0
configure:9234: checking for dlfcn.h
configure:9255: gcc -c -g   conftest.c >&5
configure:9262: $? = 0
configure:9279: result: yes
configure:9406: checking for C++ compiler version
configure:9414: g++ --version >&5
g++ (GCC) 4.4.7 20120313 (Red Hat 4.4.7-11)
Copyright (C) 2010 Free Software Foundation, Inc.
This is free software; see the source for copying conditions.  There is NO
warranty; not even for MERCHANTABILITY or FITNESS FOR A PARTICULAR PURPOSE.

configure:9418: $? = 0
configure:9425: g++ -v >&5
Using built-in specs.
Target: x86_64-redhat-linux
Configured with: ../configure --prefix=/usr --mandir=/usr/share/man --infodir=/usr/share/info --with-bugurl=http://bugzilla.redhat.com/bugzilla --enable-bootstrap --enable-shared --enable-threads=posix --enable-checking=release --with-system-zlib --enable-__cxa_atexit --disable-libunwind-exceptions --enable-gnu-unique-object --enable-languages=c,c++,objc,obj-c++,java,fortran,ada --enable-java-awt=gtk --disable-dssi --with-java-home=/usr/lib/jvm/java-1.5.0-gcj-1.5.0.0/jre --enable-libgcj-multifile --enable-java-maintainer-mode --with-ecj-jar=/usr/share/java/eclipse-ecj.jar --disable-libjava-multilib --with-ppl --with-cloog --with-tune=generic --with-arch_32=i686 --build=x86_64-redhat-linux
Thread model: posix
gcc version 4.4.7 20120313 (Red Hat 4.4.7-11) (GCC) 
configure:9429: $? = 0
configure:9436: g++ -V >&5
g++: '-V' option must have argument
configure:9440: $? = 1
configure:9443: checking whether we are using the GNU C++ compiler
configure:9496: result: yes
configure:9505: checking whether g++ accepts -g
configure:9643: result: yes
configure:9668: checking dependency style of g++
configure:9778: result: gcc3
configure:9801: checking how to run the C++ preprocessor
configure:9837: g++ -E  conftest.cpp
configure:9844: $? = 0
configure:9875: g++ -E  conftest.cpp
conftest.cpp:40:28: error: ac_nonexistent.h: No such file or directory
configure:9882: $? = 1
configure: failed program was:
| /* confdefs.h.  */
| #define PACKAGE_NAME "LaunchMON"
| #define PACKAGE_TARNAME "launchmon"
| #define PACKAGE_VERSION "1.0.1"
| #define PACKAGE_STRING "LaunchMON 1.0.1"
| #define PACKAGE_BUGREPORT "ahn1@llnl.gov"
| #define PACKAGE "launchmon"
| #define VERSION "1.0.1"
| #define LINUX_CODE_REQUIRED 1
| #define X86_64_ARCHITECTURE 1
| #define BIT64 1
| #define TARGET_OS_ISA_STRING "linux-x86_64"
| #define TARGET_RM_STRING "generic"
| #define DEBUG 1
| #define COBO_BASED 1
| #define TEST_MORE_COLL 1
| #define TOOL_HOST_ENV "LMON_FE_WHERETOCONNECT_ADDR"
| #define TOOL_PORT_ENV "LMON_FE_WHERETOCONNECT_PORT"
| #define TOOL_SS_ENV "LMON_SHARED_SECRET"
| #define TOOL_SCH_ENV "LMON_SEC_CHK"
| #define COBO_BEGIN_PORT 20101
| #define COBO_PORT_RANGE 32
| #define GCRYPT 1
| #define STDC_HEADERS 1
| #define HAVE_SYS_TYPES_H 1
| #define HAVE_SYS_STAT_H 1
| #define HAVE_STDLIB_H 1
| #define HAVE_STRING_H 1
| #define HAVE_MEMORY_H 1
| #define HAVE_STRINGS_H 1
| #define HAVE_INTTYPES_H 1
| #define HAVE_STDINT_H 1
| #define HAVE_UNISTD_H 1
| #define HAVE_SYS_TYPES_H 1
| #define HAVE_LIBMUNGE 1
| #define SEC_KEYDIR ""
| #define MUNGE 1
| #define HAVE_DLFCN_H 1
| /* end confdefs.h.  */
| #include <ac_nonexistent.h>
configure:9915: result: g++ -E
configure:9944: g++ -E  conftest.cpp
configure:9951: $? = 0
configure:9982: g++ -E  conftest.cpp
conftest.cpp:40:28: error: ac_nonexistent.h: No such file or directory
configure:9989: $? = 1
configure: failed program was:
| /* confdefs.h.  */
| #define PACKAGE_NAME "LaunchMON"
| #define PACKAGE_TARNAME "launchmon"
| #define PACKAGE_VERSION "1.0.1"
| #define PACKAGE_STRING "LaunchMON 1.0.1"
| #define PACKAGE_BUGREPORT "ahn1@llnl.gov"
| #define PACKAGE "launchmon"
| #define VERSION "1.0.1"
| #define LINUX_CODE_REQUIRED 1
| #define X86_64_ARCHITECTURE 1
| #define BIT64 1
| #define TARGET_OS_ISA_STRING "linux-x86_64"
| #define TARGET_RM_STRING "generic"
| #define DEBUG 1
| #define COBO_BASED 1
| #define TEST_MORE_COLL 1
| #define TOOL_HOST_ENV "LMON_FE_WHERETOCONNECT_ADDR"
| #define TOOL_PORT_ENV "LMON_FE_WHERETOCONNECT_PORT"
| #define TOOL_SS_ENV "LMON_SHARED_SECRET"
| #define TOOL_SCH_ENV "LMON_SEC_CHK"
| #define COBO_BEGIN_PORT 20101
| #define COBO_PORT_RANGE 32
| #define GCRYPT 1
| #define STDC_HEADERS 1
| #define HAVE_SYS_TYPES_H 1
| #define HAVE_SYS_STAT_H 1
| #define HAVE_STDLIB_H 1
| #define HAVE_STRING_H 1
| #define HAVE_MEMORY_H 1
| #define HAVE_STRINGS_H 1
| #define HAVE_INTTYPES_H 1
| #define HAVE_STDINT_H 1
| #define HAVE_UNISTD_H 1
| #define HAVE_SYS_TYPES_H 1
| #define HAVE_LIBMUNGE 1
| #define SEC_KEYDIR ""
| #define MUNGE 1
| #define HAVE_DLFCN_H 1
| /* end confdefs.h.  */
| #include <ac_nonexistent.h>
configure:10203: checking for objdir
configure:10218: result: .libs
configure:10514: checking if gcc supports -fno-rtti -fno-exceptions
configure:10532: gcc -c -g   -fno-rtti -fno-exceptions conftest.c >&5
cc1: warning: command line option "-fno-rtti" is valid for C++/ObjC++ but not for C
configure:10536: $? = 0
configure:10549: result: no
configure:10569: checking for gcc option to produce PIC
configure:10841: result: -fPIC -DPIC
configure:10853: checking if gcc PIC flag -fPIC -DPIC works
configure:10871: gcc -c -g   -fPIC -DPIC -DPIC conftest.c >&5
configure:10875: $? = 0
configure:10888: result: yes
configure:10912: checking if gcc static flag -static works
configure:10940: result: yes
configure:10955: checking if gcc supports -c -o file.o
configure:10976: gcc -c -g   -o out/conftest2.o conftest.c >&5
configure:10980: $? = 0
configure:11002: result: yes
configure:11010: checking if gcc supports -c -o file.o
configure:11057: result: yes
configure:11090: checking whether the gcc linker (/usr/local/bin/ld -m elf_x86_64) supports shared libraries
configure:12164: result: yes
configure:12201: checking whether -lc should be explicitly linked in
configure:12206: gcc -c -g   conftest.c >&5
configure:12209: $? = 0
configure:12224: gcc -shared conftest.o  -v -Wl,-soname -Wl,conftest -o conftest 2\>\&1 \| /bin/grep  -lc  \>/dev/null 2\>\&1
configure:12227: $? = 0
configure:12239: result: no
configure:12403: checking dynamic linker characteristics
configure:12846: gcc -o conftest -g    -Wl,-rpath -Wl,/foo conftest.c  >&5
configure:12853: $? = 0
configure:13089: result: GNU/Linux ld.so
configure:13191: checking how to hardcode library paths into programs
configure:13216: result: immediate
configure:14049: checking whether stripping libraries is possible
configure:14054: result: yes
configure:14089: checking if libtool supports shared libraries
configure:14091: result: yes
configure:14094: checking whether to build shared libraries
configure:14115: result: yes
configure:14118: checking whether to build static libraries
configure:14122: result: yes
configure:14272: checking for ld used by g++
configure:14339: result: /usr/local/bin/ld -m elf_x86_64
configure:14348: checking if the linker (/usr/local/bin/ld -m elf_x86_64) is GNU ld
configure:14363: result: yes
configure:14418: checking whether the g++ linker (/usr/local/bin/ld -m elf_x86_64) supports shared libraries
configure:15393: result: yes
configure:15421: g++ -c -g   conftest.cpp >&5
configure:15424: $? = 0
configure:15606: checking for g++ option to produce PIC
configure:15923: result: -fPIC -DPIC
configure:15932: checking if g++ PIC flag -fPIC -DPIC works
configure:15950: g++ -c -g   -fPIC -DPIC -DPIC conftest.cpp >&5
configure:15954: $? = 0
configure:15967: result: yes
configure:15988: checking if g++ static flag -static works
configure:16016: result: yes
configure:16028: checking if g++ supports -c -o file.o
configure:16049: g++ -c -g   -o out/conftest2.o conftest.cpp >&5
configure:16053: $? = 0
configure:16075: result: yes
configure:16080: checking if g++ supports -c -o file.o
configure:16127: result: yes
configure:16157: checking whether the g++ linker (/usr/local/bin/ld -m elf_x86_64) supports shared libraries
configure:16183: result: yes
configure:16320: checking dynamic linker characteristics
configure:16711: g++ -o conftest -g    -Wl,-rpath -Wl,/foo conftest.cpp  >&5
configure:16718: $? = 0
configure:16954: result: GNU/Linux ld.so
configure:17005: checking how to hardcode library paths into programs
configure:17030: result: immediate
configure:17089: checking whether gcc and cc understand -c and -o together
configure:17124: gcc -c conftest.c -o conftest2.o >&5
configure:17128: $? = 0
configure:17134: gcc -c conftest.c -o conftest2.o >&5
configure:17138: $? = 0
configure:17149: cc -c conftest.c >&5
configure:17153: $? = 0
configure:17161: cc -c conftest.c -o conftest2.o >&5
configure:17165: $? = 0
configure:17171: cc -c conftest.c -o conftest2.o >&5
configure:17175: $? = 0
configure:17193: result: yes
configure:17209: checking for env
configure:17228: found /usr/bin/env
configure:17240: result: /usr/bin/env
configure:17256: checking for ssh
configure:17275: found /usr/bin/ssh
configure:17287: result: /usr/bin/ssh
configure:17303: checking for rsh
configure:17322: found /usr/bin/rsh
configure:17334: result: /usr/bin/rsh
configure:17350: checking for totalview
configure:17369: found /usr/local/bin/totalview
configure:17381: result: /usr/local/bin/totalview
configure:17419: checking for libelf
configure:17421: checking for elf_begin in -lelf
configure:17456: gcc -o conftest -g    conftest.c -lelf   >&5
configure:17463: $? = 0
configure:17484: result: yes
configure:17501: checking for pthread
configure:17503: checking for pthread_create in -lpthread
configure:17538: gcc -o conftest -g    conftest.c -lpthread   >&5
configure:17545: $? = 0
configure:17566: result: yes
configure:17583: checking for librt
configure:17585: checking for clock_gettime in -lrt
configure:17620: gcc -o conftest -g    conftest.c -lrt   >&5
configure:17627: $? = 0
configure:17648: result: yes
configure:17665: checking for libdl
configure:17667: checking for dlopen in -ldl
configure:17702: gcc -o conftest -g    conftest.c -ldl   >&5
configure:17709: $? = 0
configure:17730: result: yes
configure:17754: checking for mpigcc
configure:17770: found /usr/local/bin/mpigcc
configure:17781: result: mpigcc
configure:17797: checking for mpig++
configure:17813: found /usr/local/bin/mpig++
configure:17824: result: mpig++
configure:17873: checking stack usability
configure:17890: g++ -c -g   conftest.cpp >&5
configure:17897: $? = 0
configure:17911: result: yes
configure:17915: checking stack presence
configure:17930: g++ -E  conftest.cpp
configure:17937: $? = 0
configure:17951: result: yes
configure:17984: checking for stack
configure:17993: result: yes
configure:17873: checking vector usability
configure:17890: g++ -c -g   conftest.cpp >&5
configure:17897: $? = 0
configure:17911: result: yes
configure:17915: checking vector presence
configure:17930: g++ -E  conftest.cpp
configure:17937: $? = 0
configure:17951: result: yes
configure:17984: checking for vector
configure:17993: result: yes
configure:17873: checking map usability
configure:17890: g++ -c -g   conftest.cpp >&5
configure:17897: $? = 0
configure:17911: result: yes
configure:17915: checking map presence
configure:17930: g++ -E  conftest.cpp
configure:17937: $? = 0
configure:17951: result: yes
configure:17984: checking for map
configure:17993: result: yes
configure:17873: checking list usability
configure:17890: g++ -c -g   conftest.cpp >&5
configure:17897: $? = 0
configure:17911: result: yes
configure:17915: checking list presence
configure:17930: g++ -E  conftest.cpp
configure:17937: $? = 0
configure:17951: result: yes
configure:17984: checking for list
configure:17993: result: yes
configure:17873: checking iostream usability
configure:17890: g++ -c -g   conftest.cpp >&5
configure:17897: $? = 0
configure:17911: result: yes
configure:17915: checking iostream presence
configure:17930: g++ -E  conftest.cpp
configure:17937: $? = 0
configure:17951: result: yes
configure:17984: checking for iostream
configure:17993: result: yes
configure:17873: checking string usability
configure:17890: g++ -c -g   conftest.cpp >&5
configure:17897: $? = 0
configure:17911: result: yes
configure:17915: checking string presence
configure:17930: g++ -E  conftest.cpp
configure:17937: $? = 0
configure:17951: result: yes
configure:17984: checking for string
configure:17993: result: yes
configure:17873: checking algorithm usability
configure:17890: g++ -c -g   conftest.cpp >&5
configure:17897: $? = 0
configure:17911: result: yes
configure:17915: checking algorithm presence
configure:17930: g++ -E  conftest.cpp
configure:17937: $? = 0
configure:17951: result: yes
configure:17984: checking for algorithm
configure:17993: result: yes
configure:17873: checking fstream usability
configure:17890: g++ -c -g   conftest.cpp >&5
configure:17897: $? = 0
configure:17911: result: yes
configure:17915: checking fstream presence
configure:17930: g++ -E  conftest.cpp
configure:17937: $? = 0
configure:17951: result: yes
configure:17984: checking for fstream
configure:17993: result: yes
configure:17873: checking sstream usability
configure:17890: g++ -c -g   conftest.cpp >&5
configure:17897: $? = 0
configure:17911: result: yes
configure:17915: checking sstream presence
configure:17930: g++ -E  conftest.cpp
configure:17937: $? = 0
configure:17951: result: yes
configure:17984: checking for sstream
configure:17993: result: yes
configure:17873: checking cxxabi.h usability
configure:17890: g++ -c -g   conftest.cpp >&5
configure:17897: $? = 0
configure:17911: result: yes
configure:17915: checking cxxabi.h presence
configure:17930: g++ -E  conftest.cpp
configure:17937: $? = 0
configure:17951: result: yes
configure:17984: checking for cxxabi.h
configure:17993: result: yes
configure:18014: checking for sys/wait.h that is POSIX.1 compatible
configure:18050: gcc -c -g   conftest.c >&5
configure:18057: $? = 0
configure:18072: result: yes
configure:18088: checking for libelf.h
configure:18109: gcc -c -g   conftest.c >&5
configure:18116: $? = 0
configure:18133: result: yes
configure:18088: checking for libelf/libelf.h
configure:18109: gcc -c -g   conftest.c >&5
conftest.c:60:27: error: libelf/libelf.h: No such file or directory
configure:18116: $? = 1
configure: failed program was:
| /* confdefs.h.  */
| #define PACKAGE_NAME "LaunchMON"
| #define PACKAGE_TARNAME "launchmon"
| #define PACKAGE_VERSION "1.0.1"
| #define PACKAGE_STRING "LaunchMON 1.0.1"
| #define PACKAGE_BUGREPORT "ahn1@llnl.gov"
| #define PACKAGE "launchmon"
| #define VERSION "1.0.1"
| #define LINUX_CODE_REQUIRED 1
| #define X86_64_ARCHITECTURE 1
| #define BIT64 1
| #define TARGET_OS_ISA_STRING "linux-x86_64"
| #define TARGET_RM_STRING "generic"
| #define DEBUG 1
| #define COBO_BASED 1
| #define TEST_MORE_COLL 1
| #define TOOL_HOST_ENV "LMON_FE_WHERETOCONNECT_ADDR"
| #define TOOL_PORT_ENV "LMON_FE_WHERETOCONNECT_PORT"
| #define TOOL_SS_ENV "LMON_SHARED_SECRET"
| #define TOOL_SCH_ENV "LMON_SEC_CHK"
| #define COBO_BEGIN_PORT 20101
| #define COBO_PORT_RANGE 32
| #define GCRYPT 1
| #define STDC_HEADERS 1
| #define HAVE_SYS_TYPES_H 1
| #define HAVE_SYS_STAT_H 1
| #define HAVE_STDLIB_H 1
| #define HAVE_STRING_H 1
| #define HAVE_MEMORY_H 1
| #define HAVE_STRINGS_H 1
| #define HAVE_INTTYPES_H 1
| #define HAVE_STDINT_H 1
| #define HAVE_UNISTD_H 1
| #define HAVE_SYS_TYPES_H 1
| #define HAVE_LIBMUNGE 1
| #define SEC_KEYDIR ""
| #define MUNGE 1
| #define HAVE_DLFCN_H 1
| #define LT_OBJDIR ".libs/"
| #define ENVCMD "/usr/bin/env"
| #define SSHCMD "/usr/bin/ssh"
| #define RSHCMD "/usr/bin/rsh"
| #define TVCMD "/usr/local/bin/totalview"
| #define LMON_PREFIX "/g/g19/liu50/bin/cab"
| #define HAVE_STACK 1
| #define HAVE_VECTOR 1
| #define HAVE_MAP 1
| #define HAVE_LIST 1
| #define HAVE_IOSTREAM 1
| #define HAVE_STRING 1
| #define HAVE_ALGORITHM 1
| #define HAVE_FSTREAM 1
| #define HAVE_SSTREAM 1
| #define HAVE_CXXABI_H 1
| #define HAVE_SYS_WAIT_H 1
| #define HAVE_LIBELF_H 1
| /* end confdefs.h.  */
| #include <elf.h>
| 
| #include <libelf/libelf.h>
configure:18133: result: no
configure:18167: checking for stdbool.h that conforms to C99
configure:18262: gcc -c -g   conftest.c >&5
configure:18269: $? = 0
configure:18284: result: yes
configure:18286: checking for _Bool
configure:18314: gcc -c -g   conftest.c >&5
configure:18321: $? = 0
configure:18348: gcc -c -g   conftest.c >&5
conftest.c: In function 'main':
conftest.c:95: error: expected expression before ')' token
configure:18355: $? = 1
configure: failed program was:
| /* confdefs.h.  */
| #define PACKAGE_NAME "LaunchMON"
| #define PACKAGE_TARNAME "launchmon"
| #define PACKAGE_VERSION "1.0.1"
| #define PACKAGE_STRING "LaunchMON 1.0.1"
| #define PACKAGE_BUGREPORT "ahn1@llnl.gov"
| #define PACKAGE "launchmon"
| #define VERSION "1.0.1"
| #define LINUX_CODE_REQUIRED 1
| #define X86_64_ARCHITECTURE 1
| #define BIT64 1
| #define TARGET_OS_ISA_STRING "linux-x86_64"
| #define TARGET_RM_STRING "generic"
| #define DEBUG 1
| #define COBO_BASED 1
| #define TEST_MORE_COLL 1
| #define TOOL_HOST_ENV "LMON_FE_WHERETOCONNECT_ADDR"
| #define TOOL_PORT_ENV "LMON_FE_WHERETOCONNECT_PORT"
| #define TOOL_SS_ENV "LMON_SHARED_SECRET"
| #define TOOL_SCH_ENV "LMON_SEC_CHK"
| #define COBO_BEGIN_PORT 20101
| #define COBO_PORT_RANGE 32
| #define GCRYPT 1
| #define STDC_HEADERS 1
| #define HAVE_SYS_TYPES_H 1
| #define HAVE_SYS_STAT_H 1
| #define HAVE_STDLIB_H 1
| #define HAVE_STRING_H 1
| #define HAVE_MEMORY_H 1
| #define HAVE_STRINGS_H 1
| #define HAVE_INTTYPES_H 1
| #define HAVE_STDINT_H 1
| #define HAVE_UNISTD_H 1
| #define HAVE_SYS_TYPES_H 1
| #define HAVE_LIBMUNGE 1
| #define SEC_KEYDIR ""
| #define MUNGE 1
| #define HAVE_DLFCN_H 1
| #define LT_OBJDIR ".libs/"
| #define ENVCMD "/usr/bin/env"
| #define SSHCMD "/usr/bin/ssh"
| #define RSHCMD "/usr/bin/rsh"
| #define TVCMD "/usr/local/bin/totalview"
| #define LMON_PREFIX "/g/g19/liu50/bin/cab"
| #define HAVE_STACK 1
| #define HAVE_VECTOR 1
| #define HAVE_MAP 1
| #define HAVE_LIST 1
| #define HAVE_IOSTREAM 1
| #define HAVE_STRING 1
| #define HAVE_ALGORITHM 1
| #define HAVE_FSTREAM 1
| #define HAVE_SSTREAM 1
| #define HAVE_CXXABI_H 1
| #define HAVE_SYS_WAIT_H 1
| #define HAVE_LIBELF_H 1
| #define LOCATION_OF_LIBELFHEADER <libelf.h>
| /* end confdefs.h.  */
| #include <stdio.h>
| #ifdef HAVE_SYS_TYPES_H
| # include <sys/types.h>
| #endif
| #ifdef HAVE_SYS_STAT_H
| # include <sys/stat.h>
| #endif
| #ifdef STDC_HEADERS
| # include <stdlib.h>
| # include <stddef.h>
| #else
| # ifdef HAVE_STDLIB_H
| #  include <stdlib.h>
| # endif
| #endif
| #ifdef HAVE_STRING_H
| # if !defined STDC_HEADERS && defined HAVE_MEMORY_H
| #  include <memory.h>
| # endif
| # include <string.h>
| #endif
| #ifdef HAVE_STRINGS_H
| # include <strings.h>
| #endif
| #ifdef HAVE_INTTYPES_H
| # include <inttypes.h>
| #endif
| #ifdef HAVE_STDINT_H
| # include <stdint.h>
| #endif
| #ifdef HAVE_UNISTD_H
| # include <unistd.h>
| #endif
| int
| main ()
| {
| if (sizeof ((_Bool)))
| 	  return 0;
|   ;
|   return 0;
| }
configure:18378: result: yes
configure:18397: checking for an ANSI C-conforming const
configure:18472: gcc -c -g   conftest.c >&5
configure:18479: $? = 0
configure:18494: result: yes
configure:18504: checking for pid_t
configure:18532: gcc -c -g   conftest.c >&5
configure:18539: $? = 0
configure:18566: gcc -c -g   conftest.c >&5
conftest.c: In function 'main':
conftest.c:97: error: expected expression before ')' token
configure:18573: $? = 1
configure: failed program was:
| /* confdefs.h.  */
| #define PACKAGE_NAME "LaunchMON"
| #define PACKAGE_TARNAME "launchmon"
| #define PACKAGE_VERSION "1.0.1"
| #define PACKAGE_STRING "LaunchMON 1.0.1"
| #define PACKAGE_BUGREPORT "ahn1@llnl.gov"
| #define PACKAGE "launchmon"
| #define VERSION "1.0.1"
| #define LINUX_CODE_REQUIRED 1
| #define X86_64_ARCHITECTURE 1
| #define BIT64 1
| #define TARGET_OS_ISA_STRING "linux-x86_64"
| #define TARGET_RM_STRING "generic"
| #define DEBUG 1
| #define COBO_BASED 1
| #define TEST_MORE_COLL 1
| #define TOOL_HOST_ENV "LMON_FE_WHERETOCONNECT_ADDR"
| #define TOOL_PORT_ENV "LMON_FE_WHERETOCONNECT_PORT"
| #define TOOL_SS_ENV "LMON_SHARED_SECRET"
| #define TOOL_SCH_ENV "LMON_SEC_CHK"
| #define COBO_BEGIN_PORT 20101
| #define COBO_PORT_RANGE 32
| #define GCRYPT 1
| #define STDC_HEADERS 1
| #define HAVE_SYS_TYPES_H 1
| #define HAVE_SYS_STAT_H 1
| #define HAVE_STDLIB_H 1
| #define HAVE_STRING_H 1
| #define HAVE_MEMORY_H 1
| #define HAVE_STRINGS_H 1
| #define HAVE_INTTYPES_H 1
| #define HAVE_STDINT_H 1
| #define HAVE_UNISTD_H 1
| #define HAVE_SYS_TYPES_H 1
| #define HAVE_LIBMUNGE 1
| #define SEC_KEYDIR ""
| #define MUNGE 1
| #define HAVE_DLFCN_H 1
| #define LT_OBJDIR ".libs/"
| #define ENVCMD "/usr/bin/env"
| #define SSHCMD "/usr/bin/ssh"
| #define RSHCMD "/usr/bin/rsh"
| #define TVCMD "/usr/local/bin/totalview"
| #define LMON_PREFIX "/g/g19/liu50/bin/cab"
| #define HAVE_STACK 1
| #define HAVE_VECTOR 1
| #define HAVE_MAP 1
| #define HAVE_LIST 1
| #define HAVE_IOSTREAM 1
| #define HAVE_STRING 1
| #define HAVE_ALGORITHM 1
| #define HAVE_FSTREAM 1
| #define HAVE_SSTREAM 1
| #define HAVE_CXXABI_H 1
| #define HAVE_SYS_WAIT_H 1
| #define HAVE_LIBELF_H 1
| #define LOCATION_OF_LIBELFHEADER <libelf.h>
| #define HAVE__BOOL 1
| #define HAVE_STDBOOL_H 1
| /* end confdefs.h.  */
| #include <stdio.h>
| #ifdef HAVE_SYS_TYPES_H
| # include <sys/types.h>
| #endif
| #ifdef HAVE_SYS_STAT_H
| # include <sys/stat.h>
| #endif
| #ifdef STDC_HEADERS
| # include <stdlib.h>
| # include <stddef.h>
| #else
| # ifdef HAVE_STDLIB_H
| #  include <stdlib.h>
| # endif
| #endif
| #ifdef HAVE_STRING_H
| # if !defined STDC_HEADERS && defined HAVE_MEMORY_H
| #  include <memory.h>
| # endif
| # include <string.h>
| #endif
| #ifdef HAVE_STRINGS_H
| # include <strings.h>
| #endif
| #ifdef HAVE_INTTYPES_H
| # include <inttypes.h>
| #endif
| #ifdef HAVE_STDINT_H
| # include <stdint.h>
| #endif
| #ifdef HAVE_UNISTD_H
| # include <unistd.h>
| #endif
| int
| main ()
| {
| if (sizeof ((pid_t)))
| 	  return 0;
|   ;
|   return 0;
| }
configure:18596: result: yes
configure:18608: checking whether time.h and sys/time.h may both be included
configure:18638: gcc -c -g   conftest.c >&5
configure:18645: $? = 0
configure:18660: result: yes
configure:18688: checking vfork.h usability
configure:18705: gcc -c -g   conftest.c >&5
conftest.c:95:19: error: vfork.h: No such file or directory
configure:18712: $? = 1
configure: failed program was:
| /* confdefs.h.  */
| #define PACKAGE_NAME "LaunchMON"
| #define PACKAGE_TARNAME "launchmon"
| #define PACKAGE_VERSION "1.0.1"
| #define PACKAGE_STRING "LaunchMON 1.0.1"
| #define PACKAGE_BUGREPORT "ahn1@llnl.gov"
| #define PACKAGE "launchmon"
| #define VERSION "1.0.1"
| #define LINUX_CODE_REQUIRED 1
| #define X86_64_ARCHITECTURE 1
| #define BIT64 1
| #define TARGET_OS_ISA_STRING "linux-x86_64"
| #define TARGET_RM_STRING "generic"
| #define DEBUG 1
| #define COBO_BASED 1
| #define TEST_MORE_COLL 1
| #define TOOL_HOST_ENV "LMON_FE_WHERETOCONNECT_ADDR"
| #define TOOL_PORT_ENV "LMON_FE_WHERETOCONNECT_PORT"
| #define TOOL_SS_ENV "LMON_SHARED_SECRET"
| #define TOOL_SCH_ENV "LMON_SEC_CHK"
| #define COBO_BEGIN_PORT 20101
| #define COBO_PORT_RANGE 32
| #define GCRYPT 1
| #define STDC_HEADERS 1
| #define HAVE_SYS_TYPES_H 1
| #define HAVE_SYS_STAT_H 1
| #define HAVE_STDLIB_H 1
| #define HAVE_STRING_H 1
| #define HAVE_MEMORY_H 1
| #define HAVE_STRINGS_H 1
| #define HAVE_INTTYPES_H 1
| #define HAVE_STDINT_H 1
| #define HAVE_UNISTD_H 1
| #define HAVE_SYS_TYPES_H 1
| #define HAVE_LIBMUNGE 1
| #define SEC_KEYDIR ""
| #define MUNGE 1
| #define HAVE_DLFCN_H 1
| #define LT_OBJDIR ".libs/"
| #define ENVCMD "/usr/bin/env"
| #define SSHCMD "/usr/bin/ssh"
| #define RSHCMD "/usr/bin/rsh"
| #define TVCMD "/usr/local/bin/totalview"
| #define LMON_PREFIX "/g/g19/liu50/bin/cab"
| #define HAVE_STACK 1
| #define HAVE_VECTOR 1
| #define HAVE_MAP 1
| #define HAVE_LIST 1
| #define HAVE_IOSTREAM 1
| #define HAVE_STRING 1
| #define HAVE_ALGORITHM 1
| #define HAVE_FSTREAM 1
| #define HAVE_SSTREAM 1
| #define HAVE_CXXABI_H 1
| #define HAVE_SYS_WAIT_H 1
| #define HAVE_LIBELF_H 1
| #define LOCATION_OF_LIBELFHEADER <libelf.h>
| #define HAVE__BOOL 1
| #define HAVE_STDBOOL_H 1
| #define TIME_WITH_SYS_TIME 1
| /* end confdefs.h.  */
| #include <stdio.h>
| #ifdef HAVE_SYS_TYPES_H
| # include <sys/types.h>
| #endif
| #ifdef HAVE_SYS_STAT_H
| # include <sys/stat.h>
| #endif
| #ifdef STDC_HEADERS
| # include <stdlib.h>
| # include <stddef.h>
| #else
| # ifdef HAVE_STDLIB_H
| #  include <stdlib.h>
| # endif
| #endif
| #ifdef HAVE_STRING_H
| # if !defined STDC_HEADERS && defined HAVE_MEMORY_H
| #  include <memory.h>
| # endif
| # include <string.h>
| #endif
| #ifdef HAVE_STRINGS_H
| # include <strings.h>
| #endif
| #ifdef HAVE_INTTYPES_H
| # include <inttypes.h>
| #endif
| #ifdef HAVE_STDINT_H
| # include <stdint.h>
| #endif
| #ifdef HAVE_UNISTD_H
| # include <unistd.h>
| #endif
| #include <vfork.h>
configure:18726: result: no
configure:18730: checking vfork.h presence
configure:18745: gcc -E  conftest.c
conftest.c:62:19: error: vfork.h: No such file or directory
configure:18752: $? = 1
configure: failed program was:
| /* confdefs.h.  */
| #define PACKAGE_NAME "LaunchMON"
| #define PACKAGE_TARNAME "launchmon"
| #define PACKAGE_VERSION "1.0.1"
| #define PACKAGE_STRING "LaunchMON 1.0.1"
| #define PACKAGE_BUGREPORT "ahn1@llnl.gov"
| #define PACKAGE "launchmon"
| #define VERSION "1.0.1"
| #define LINUX_CODE_REQUIRED 1
| #define X86_64_ARCHITECTURE 1
| #define BIT64 1
| #define TARGET_OS_ISA_STRING "linux-x86_64"
| #define TARGET_RM_STRING "generic"
| #define DEBUG 1
| #define COBO_BASED 1
| #define TEST_MORE_COLL 1
| #define TOOL_HOST_ENV "LMON_FE_WHERETOCONNECT_ADDR"
| #define TOOL_PORT_ENV "LMON_FE_WHERETOCONNECT_PORT"
| #define TOOL_SS_ENV "LMON_SHARED_SECRET"
| #define TOOL_SCH_ENV "LMON_SEC_CHK"
| #define COBO_BEGIN_PORT 20101
| #define COBO_PORT_RANGE 32
| #define GCRYPT 1
| #define STDC_HEADERS 1
| #define HAVE_SYS_TYPES_H 1
| #define HAVE_SYS_STAT_H 1
| #define HAVE_STDLIB_H 1
| #define HAVE_STRING_H 1
| #define HAVE_MEMORY_H 1
| #define HAVE_STRINGS_H 1
| #define HAVE_INTTYPES_H 1
| #define HAVE_STDINT_H 1
| #define HAVE_UNISTD_H 1
| #define HAVE_SYS_TYPES_H 1
| #define HAVE_LIBMUNGE 1
| #define SEC_KEYDIR ""
| #define MUNGE 1
| #define HAVE_DLFCN_H 1
| #define LT_OBJDIR ".libs/"
| #define ENVCMD "/usr/bin/env"
| #define SSHCMD "/usr/bin/ssh"
| #define RSHCMD "/usr/bin/rsh"
| #define TVCMD "/usr/local/bin/totalview"
| #define LMON_PREFIX "/g/g19/liu50/bin/cab"
| #define HAVE_STACK 1
| #define HAVE_VECTOR 1
| #define HAVE_MAP 1
| #define HAVE_LIST 1
| #define HAVE_IOSTREAM 1
| #define HAVE_STRING 1
| #define HAVE_ALGORITHM 1
| #define HAVE_FSTREAM 1
| #define HAVE_SSTREAM 1
| #define HAVE_CXXABI_H 1
| #define HAVE_SYS_WAIT_H 1
| #define HAVE_LIBELF_H 1
| #define LOCATION_OF_LIBELFHEADER <libelf.h>
| #define HAVE__BOOL 1
| #define HAVE_STDBOOL_H 1
| #define TIME_WITH_SYS_TIME 1
| /* end confdefs.h.  */
| #include <vfork.h>
configure:18766: result: no
configure:18799: checking for vfork.h
configure:18808: result: no
configure:18828: checking for fork
configure:18884: gcc -o conftest -g    conftest.c  >&5
conftest.c:85: warning: conflicting types for built-in function 'fork'
configure:18891: $? = 0
configure:18913: result: yes
configure:18828: checking for vfork
configure:18884: gcc -o conftest -g    conftest.c  >&5
configure:18891: $? = 0
configure:18913: result: yes
configure:18926: checking for working fork
configure:18958: gcc -o conftest -g    conftest.c  >&5
configure:18962: $? = 0
configure:18968: ./conftest
configure:18972: $? = 0
configure:18989: result: yes
configure:19010: checking for working vfork
configure:19151: result: yes
configure:19187: checking for stdlib.h
configure:19194: result: yes
configure:19333: checking for GNU libc compatible malloc
configure:19367: gcc -o conftest -g    conftest.c  >&5
configure:19371: $? = 0
configure:19377: ./conftest
configure:19381: $? = 0
configure:19398: result: yes
configure:19426: checking for ANSI C header files
configure:19594: result: yes
configure:19604: checking return type of signal handlers
configure:19632: gcc -c -g   conftest.c >&5
conftest.c: In function 'main':
conftest.c:75: error: void value not ignored as it ought to be
configure:19639: $? = 1
configure: failed program was:
| /* confdefs.h.  */
| #define PACKAGE_NAME "LaunchMON"
| #define PACKAGE_TARNAME "launchmon"
| #define PACKAGE_VERSION "1.0.1"
| #define PACKAGE_STRING "LaunchMON 1.0.1"
| #define PACKAGE_BUGREPORT "ahn1@llnl.gov"
| #define PACKAGE "launchmon"
| #define VERSION "1.0.1"
| #define LINUX_CODE_REQUIRED 1
| #define X86_64_ARCHITECTURE 1
| #define BIT64 1
| #define TARGET_OS_ISA_STRING "linux-x86_64"
| #define TARGET_RM_STRING "generic"
| #define DEBUG 1
| #define COBO_BASED 1
| #define TEST_MORE_COLL 1
| #define TOOL_HOST_ENV "LMON_FE_WHERETOCONNECT_ADDR"
| #define TOOL_PORT_ENV "LMON_FE_WHERETOCONNECT_PORT"
| #define TOOL_SS_ENV "LMON_SHARED_SECRET"
| #define TOOL_SCH_ENV "LMON_SEC_CHK"
| #define COBO_BEGIN_PORT 20101
| #define COBO_PORT_RANGE 32
| #define GCRYPT 1
| #define STDC_HEADERS 1
| #define HAVE_SYS_TYPES_H 1
| #define HAVE_SYS_STAT_H 1
| #define HAVE_STDLIB_H 1
| #define HAVE_STRING_H 1
| #define HAVE_MEMORY_H 1
| #define HAVE_STRINGS_H 1
| #define HAVE_INTTYPES_H 1
| #define HAVE_STDINT_H 1
| #define HAVE_UNISTD_H 1
| #define HAVE_SYS_TYPES_H 1
| #define HAVE_LIBMUNGE 1
| #define SEC_KEYDIR ""
| #define MUNGE 1
| #define HAVE_DLFCN_H 1
| #define LT_OBJDIR ".libs/"
| #define ENVCMD "/usr/bin/env"
| #define SSHCMD "/usr/bin/ssh"
| #define RSHCMD "/usr/bin/rsh"
| #define TVCMD "/usr/local/bin/totalview"
| #define LMON_PREFIX "/g/g19/liu50/bin/cab"
| #define HAVE_STACK 1
| #define HAVE_VECTOR 1
| #define HAVE_MAP 1
| #define HAVE_LIST 1
| #define HAVE_IOSTREAM 1
| #define HAVE_STRING 1
| #define HAVE_ALGORITHM 1
| #define HAVE_FSTREAM 1
| #define HAVE_SSTREAM 1
| #define HAVE_CXXABI_H 1
| #define HAVE_SYS_WAIT_H 1
| #define HAVE_LIBELF_H 1
| #define LOCATION_OF_LIBELFHEADER <libelf.h>
| #define HAVE__BOOL 1
| #define HAVE_STDBOOL_H 1
| #define TIME_WITH_SYS_TIME 1
| #define HAVE_FORK 1
| #define HAVE_VFORK 1
| #define HAVE_WORKING_VFORK 1
| #define HAVE_WORKING_FORK 1
| #define HAVE_STDLIB_H 1
| #define HAVE_MALLOC 1
| #define STDC_HEADERS 1
| /* end confdefs.h.  */
| #include <sys/types.h>
| #include <signal.h>
| 
| int
| main ()
| {
| return *(signal (0, 0)) (0) == 1;
|   ;
|   return 0;
| }
configure:19654: result: void
configure:19662: checking whether lstat dereferences a symlink specified with a trailing slash
configure:19698: gcc -o conftest -g    conftest.c  >&5
configure:19702: $? = 0
configure:19708: ./conftest
configure:19712: $? = 0
configure:19736: result: yes
configure:19755: checking whether stat accepts an empty string
configure:19785: gcc -o conftest -g    conftest.c  >&5
configure:19789: $? = 0
configure:19795: ./conftest
configure:19799: $? = 0
configure:19816: result: no
configure:19836: checking for strftime
configure:19892: gcc -o conftest -g    conftest.c  >&5
conftest.c:94: warning: conflicting types for built-in function 'strftime'
configure:19899: $? = 0
configure:19921: result: yes
configure:20012: checking for vprintf
configure:20068: gcc -o conftest -g    conftest.c  >&5
conftest.c:95: warning: conflicting types for built-in function 'vprintf'
configure:20075: $? = 0
configure:20097: result: yes
configure:20106: checking for _doprnt
configure:20162: gcc -o conftest -g    conftest.c  >&5
/var/tmp/liu50/ccKbk7fx.o: In function `main':
/g/g19/liu50/workspace/launchmon-dev/conftest.c:107: undefined reference to `_doprnt'
collect2: ld returned 1 exit status
configure:20169: $? = 1
configure: failed program was:
| /* confdefs.h.  */
| #define PACKAGE_NAME "LaunchMON"
| #define PACKAGE_TARNAME "launchmon"
| #define PACKAGE_VERSION "1.0.1"
| #define PACKAGE_STRING "LaunchMON 1.0.1"
| #define PACKAGE_BUGREPORT "ahn1@llnl.gov"
| #define PACKAGE "launchmon"
| #define VERSION "1.0.1"
| #define LINUX_CODE_REQUIRED 1
| #define X86_64_ARCHITECTURE 1
| #define BIT64 1
| #define TARGET_OS_ISA_STRING "linux-x86_64"
| #define TARGET_RM_STRING "generic"
| #define DEBUG 1
| #define COBO_BASED 1
| #define TEST_MORE_COLL 1
| #define TOOL_HOST_ENV "LMON_FE_WHERETOCONNECT_ADDR"
| #define TOOL_PORT_ENV "LMON_FE_WHERETOCONNECT_PORT"
| #define TOOL_SS_ENV "LMON_SHARED_SECRET"
| #define TOOL_SCH_ENV "LMON_SEC_CHK"
| #define COBO_BEGIN_PORT 20101
| #define COBO_PORT_RANGE 32
| #define GCRYPT 1
| #define STDC_HEADERS 1
| #define HAVE_SYS_TYPES_H 1
| #define HAVE_SYS_STAT_H 1
| #define HAVE_STDLIB_H 1
| #define HAVE_STRING_H 1
| #define HAVE_MEMORY_H 1
| #define HAVE_STRINGS_H 1
| #define HAVE_INTTYPES_H 1
| #define HAVE_STDINT_H 1
| #define HAVE_UNISTD_H 1
| #define HAVE_SYS_TYPES_H 1
| #define HAVE_LIBMUNGE 1
| #define SEC_KEYDIR ""
| #define MUNGE 1
| #define HAVE_DLFCN_H 1
| #define LT_OBJDIR ".libs/"
| #define ENVCMD "/usr/bin/env"
| #define SSHCMD "/usr/bin/ssh"
| #define RSHCMD "/usr/bin/rsh"
| #define TVCMD "/usr/local/bin/totalview"
| #define LMON_PREFIX "/g/g19/liu50/bin/cab"
| #define HAVE_STACK 1
| #define HAVE_VECTOR 1
| #define HAVE_MAP 1
| #define HAVE_LIST 1
| #define HAVE_IOSTREAM 1
| #define HAVE_STRING 1
| #define HAVE_ALGORITHM 1
| #define HAVE_FSTREAM 1
| #define HAVE_SSTREAM 1
| #define HAVE_CXXABI_H 1
| #define HAVE_SYS_WAIT_H 1
| #define HAVE_LIBELF_H 1
| #define LOCATION_OF_LIBELFHEADER <libelf.h>
| #define HAVE__BOOL 1
| #define HAVE_STDBOOL_H 1
| #define TIME_WITH_SYS_TIME 1
| #define HAVE_FORK 1
| #define HAVE_VFORK 1
| #define HAVE_WORKING_VFORK 1
| #define HAVE_WORKING_FORK 1
| #define HAVE_STDLIB_H 1
| #define HAVE_MALLOC 1
| #define STDC_HEADERS 1
| #define RETSIGTYPE void
| #define LSTAT_FOLLOWS_SLASHED_SYMLINK 1
| #define HAVE_STRFTIME 1
| #define HAVE_VPRINTF 1
| /* end confdefs.h.  */
| /* Define _doprnt to an innocuous variant, in case <limits.h> declares _doprnt.
|    For example, HP-UX 11i <limits.h> declares gettimeofday.  */
| #define _doprnt innocuous__doprnt
| 
| /* System header to define __stub macros and hopefully few prototypes,
|     which can conflict with char _doprnt (); below.
|     Prefer <limits.h> to <assert.h> if __STDC__ is defined, since
|     <limits.h> exists even on freestanding compilers.  */
| 
| #ifdef __STDC__
| # include <limits.h>
| #else
| # include <assert.h>
| #endif
| 
| #undef _doprnt
| 
| /* Override any GCC internal prototype to avoid an error.
|    Use char because int might match the return type of a GCC
|    builtin and then its argument prototype would still apply.  */
| #ifdef __cplusplus
| extern "C"
| #endif
| char _doprnt ();
| /* The GNU C library defines this for functions which it implements
|     to always fail with ENOSYS.  Some functions are actually named
|     something starting with __ and the normal name is an alias.  */
| #if defined __stub__doprnt || defined __stub____doprnt
| choke me
| #endif
| 
| int
| main ()
| {
| return _doprnt ();
|   ;
|   return 0;
| }
configure:20189: result: no
configure:20209: checking for gettimeofday
configure:20265: gcc -o conftest -g    conftest.c  >&5
configure:20272: $? = 0
configure:20294: result: yes
configure:20209: checking for memset
configure:20265: gcc -o conftest -g    conftest.c  >&5
conftest.c:97: warning: conflicting types for built-in function 'memset'
configure:20272: $? = 0
configure:20294: result: yes
configure:20209: checking for strdup
configure:20265: gcc -o conftest -g    conftest.c  >&5
conftest.c:98: warning: conflicting types for built-in function 'strdup'
configure:20272: $? = 0
configure:20294: result: yes
configure:20469: creating ./config.status

## ---------------- ##
## Cache variables. ##
## ---------------- ##

ac_cv_build=x86_64-redhat-linux-gnu
ac_cv_c_compiler_gnu=yes
ac_cv_c_const=yes
ac_cv_cxx_compiler_gnu=yes
ac_cv_env_CCC_set=
ac_cv_env_CCC_value=
ac_cv_env_CC_set=
ac_cv_env_CC_value=
ac_cv_env_CFLAGS_set=
ac_cv_env_CFLAGS_value=
ac_cv_env_CPPFLAGS_set=
ac_cv_env_CPPFLAGS_value=
ac_cv_env_CPP_set=
ac_cv_env_CPP_value=
ac_cv_env_CXXCPP_set=
ac_cv_env_CXXCPP_value=
ac_cv_env_CXXFLAGS_set=
ac_cv_env_CXXFLAGS_value=
ac_cv_env_CXX_set=
ac_cv_env_CXX_value=
ac_cv_env_LDFLAGS_set=
ac_cv_env_LDFLAGS_value=
ac_cv_env_LIBS_set=
ac_cv_env_LIBS_value=
ac_cv_env_MPICC_set=
ac_cv_env_MPICC_value=
ac_cv_env_MPICXX_set=
ac_cv_env_MPICXX_value=
ac_cv_env_MUNGE_CFLAGS_set=
ac_cv_env_MUNGE_CFLAGS_value=
ac_cv_env_MUNGE_LIBS_set=
ac_cv_env_MUNGE_LIBS_value=
ac_cv_env_PKG_CONFIG_set=
ac_cv_env_PKG_CONFIG_value=
ac_cv_env_build_alias_set=
ac_cv_env_build_alias_value=
ac_cv_env_host_alias_set=
ac_cv_env_host_alias_value=
ac_cv_env_target_alias_set=
ac_cv_env_target_alias_value=
ac_cv_func__doprnt=no
ac_cv_func_fork=yes
ac_cv_func_fork_works=yes
ac_cv_func_gettimeofday=yes
ac_cv_func_lstat_dereferences_slashed_symlink=yes
ac_cv_func_malloc_0_nonnull=yes
ac_cv_func_memset=yes
ac_cv_func_stat_empty_string_bug=no
ac_cv_func_strdup=yes
ac_cv_func_strftime=yes
ac_cv_func_vfork=yes
ac_cv_func_vfork_works=yes
ac_cv_func_vprintf=yes
ac_cv_header_algorithm=yes
ac_cv_header_cxxabi_h=yes
ac_cv_header_dlfcn_h=yes
ac_cv_header_fstream=yes
ac_cv_header_inttypes_h=yes
ac_cv_header_iostream=yes
ac_cv_header_libelf_h=yes
ac_cv_header_libelf_libelf_h=no
ac_cv_header_list=yes
ac_cv_header_map=yes
ac_cv_header_memory_h=yes
ac_cv_header_munge_h=yes
ac_cv_header_sstream=yes
ac_cv_header_stack=yes
ac_cv_header_stdbool_h=yes
ac_cv_header_stdc=yes
ac_cv_header_stdint_h=yes
ac_cv_header_stdlib_h=yes
ac_cv_header_string=yes
ac_cv_header_string_h=yes
ac_cv_header_strings_h=yes
ac_cv_header_sys_stat_h=yes
ac_cv_header_sys_types_h=yes
ac_cv_header_sys_wait_h=yes
ac_cv_header_time=yes
ac_cv_header_unistd_h=yes
ac_cv_header_vector=yes
ac_cv_header_vfork_h=no
ac_cv_host=x86_64-redhat-linux-gnu
ac_cv_lib_dl_dlopen=yes
ac_cv_lib_elf_elf_begin=yes
ac_cv_lib_munge_munge_encode=yes
ac_cv_lib_pthread_pthread_create=yes
ac_cv_lib_rt_clock_gettime=yes
ac_cv_objext=o
ac_cv_path_EGREP='/bin/grep -E'
ac_cv_path_FGREP='/bin/grep -F'
ac_cv_path_GREP=/bin/grep
ac_cv_path_SED=/bin/sed
ac_cv_path_ac_pt_PKG_CONFIG=/usr/bin/pkg-config
ac_cv_path_envcmd=/usr/bin/env
ac_cv_path_install='/usr/bin/install -c'
ac_cv_path_mkdir=/bin/mkdir
ac_cv_path_rshcmd=/usr/bin/rsh
ac_cv_path_sshcmd=/usr/bin/ssh
ac_cv_path_tvcmd=/usr/local/bin/totalview
ac_cv_prog_AWK=gawk
ac_cv_prog_CPP='gcc -E'
ac_cv_prog_CXXCPP='g++ -E'
ac_cv_prog_MPICC=mpigcc
ac_cv_prog_MPICXX=mpig++
ac_cv_prog_ac_ct_AR=ar
ac_cv_prog_ac_ct_CC=gcc
ac_cv_prog_ac_ct_CXX=g++
ac_cv_prog_ac_ct_OBJDUMP=objdump
ac_cv_prog_ac_ct_RANLIB=ranlib
ac_cv_prog_ac_ct_STRIP=strip
ac_cv_prog_cc_c89=
ac_cv_prog_cc_g=yes
ac_cv_prog_cc_gcc_c_o=yes
ac_cv_prog_cxx_g=yes
ac_cv_prog_make_make_set=yes
ac_cv_type__Bool=yes
ac_cv_type_pid_t=yes
ac_cv_type_signal=void
am_cv_CC_dependencies_compiler_type=gcc3
am_cv_CXX_dependencies_compiler_type=gcc3
lt_cv_deplibs_check_method=pass_all
lt_cv_file_magic_cmd='$MAGIC_CMD'
lt_cv_file_magic_test_file=
lt_cv_ld_reload_flag=-r
lt_cv_nm_interface='BSD nm'
lt_cv_objdir=.libs
lt_cv_path_LD=/usr/local/bin/ld
lt_cv_path_LDCXX='/usr/local/bin/ld -m elf_x86_64'
lt_cv_path_NM='/usr/bin/nm -B'
lt_cv_prog_compiler_c_o=yes
lt_cv_prog_compiler_c_o_CXX=yes
lt_cv_prog_compiler_pic_works=yes
lt_cv_prog_compiler_pic_works_CXX=yes
lt_cv_prog_compiler_rtti_exceptions=no
lt_cv_prog_compiler_static_works=yes
lt_cv_prog_compiler_static_works_CXX=yes
lt_cv_prog_gnu_ld=yes
lt_cv_prog_gnu_ldcxx=yes
lt_cv_sys_global_symbol_pipe='sed -n -e '\''s/^.*[	 ]\([ABCDGIRSTW][ABCDGIRSTW]*\)[	 ][	 ]*\([_A-Za-z][_A-Za-z0-9]*\)$/\1 \2 \2/p'\'''
lt_cv_sys_global_symbol_to_c_name_address='sed -n -e '\''s/^: \([^ ]*\) $/  {\"\1\", (void *) 0},/p'\'' -e '\''s/^[ABCDGIRSTW]* \([^ ]*\) \([^ ]*\)$/  {"\2", (void *) \&\2},/p'\'''
lt_cv_sys_global_symbol_to_c_name_address_lib_prefix='sed -n -e '\''s/^: \([^ ]*\) $/  {\"\1\", (void *) 0},/p'\'' -e '\''s/^[ABCDGIRSTW]* \([^ ]*\) \(lib[^ ]*\)$/  {"\2", (void *) \&\2},/p'\'' -e '\''s/^[ABCDGIRSTW]* \([^ ]*\) \([^ ]*\)$/  {"lib\2", (void *) \&\2},/p'\'''
lt_cv_sys_global_symbol_to_cdecl='sed -n -e '\''s/^T .* \(.*\)$/extern int \1();/p'\'' -e '\''s/^[ABCDGIRSTW]* .* \(.*\)$/extern char \1;/p'\'''
lt_cv_sys_max_cmd_len=3458764513820540925
pkg_cv_MUNGE_CFLAGS=' '
pkg_cv_MUNGE_LIBS='-lmunge  '

## ----------------- ##
## Output variables. ##
## ----------------- ##

ACLOCAL='${SHELL} /g/g19/liu50/workspace/launchmon-dev/config/missing --run aclocal-1.11'
AMDEPBACKSLASH='\'
AMDEP_FALSE='#'
AMDEP_TRUE=''
AMTAR='${SHELL} /g/g19/liu50/workspace/launchmon-dev/config/missing --run tar'
AR='ar'
ARCHHEADER='/'
ARCHLIB='/'
AUTOCONF='${SHELL} /g/g19/liu50/workspace/launchmon-dev/config/missing --run autoconf'
AUTOHEADER='${SHELL} /g/g19/liu50/workspace/launchmon-dev/config/missing --run autoheader'
AUTOMAKE='${SHELL} /g/g19/liu50/workspace/launchmon-dev/config/missing --run automake-1.11'
AWK='gawk'
CC='gcc'
CCDEPMODE='depmode=gcc3'
CFLAGS='-g '
CIODLOC=''
COMMLOC='tools/cobo/src'
CPP='gcc -E'
CPPFLAGS=''
CXX='g++'
CXXCPP='g++ -E'
CXXDEPMODE='depmode=gcc3'
CXXFLAGS='-g '
CYGPATH_W='echo'
DEFS='-DHAVE_CONFIG_H'
DEPDIR='.deps'
DSYMUTIL=''
DUMPBIN=''
ECHO_C=''
ECHO_N='-n'
ECHO_T=''
EGREP='/bin/grep -E'
EXEEXT=''
FGREP='/bin/grep -F'
GCRYPTLOC='tools/libgcrypt/src'
GPGERRLOC='tools/libgpg-error/src'
GREP='/bin/grep'
INSTALL_DATA='${INSTALL} -m 644'
INSTALL_PROGRAM='${INSTALL}'
INSTALL_SCRIPT='${INSTALL}'
INSTALL_STRIP_PROGRAM='$(install_sh) -c -s'
LD='/usr/local/bin/ld -m elf_x86_64'
LDFLAGS=''
LIBCOMM='libcobo.la'
LIBDL='-ldl'
LIBELF='-lelf'
LIBGCRYPT='libgcrypt.la'
LIBGPGERR='libgpg-error.la'
LIBOBJS=''
LIBPTHREAD='-lpthread'
LIBRT='-lrt'
LIBS=''
LIBTOOL='$(SHELL) $(top_builddir)/libtool'
LIPO=''
LMONAPILOC='launchmon/src/linux/lmon_api'
LMONENABSLOC='/g/g19/liu50/workspace/launchmon-dev/launchmon/src/linux'
LMONENLOC='launchmon/src/linux'
LMONHL='cab670'
LMON_AGE='0'
LMON_CURRENT='2'
LMON_REVISION='0'
LNCHR_BIT_FLAGS='-m64'
LN_S='ln -s'
LTLIBOBJS=''
MAKEINFO='${SHELL} /g/g19/liu50/workspace/launchmon-dev/config/missing --run makeinfo'
MKDIR_P='/bin/mkdir -p'
MPICC='mpigcc'
MPICXX='mpig++'
MUNGE_CFLAGS=' '
MUNGE_LIBS='-lmunge  '
MYBOOSTLOC='./'
NM='/usr/bin/nm -B'
NMEDIT=''
OBJDUMP='objdump'
OBJEXT='o'
OTOOL64=''
OTOOL=''
PACKAGE='launchmon'
PACKAGE_BUGREPORT='ahn1@llnl.gov'
PACKAGE_NAME='LaunchMON'
PACKAGE_STRING='LaunchMON 1.0.1'
PACKAGE_TARNAME='launchmon'
PACKAGE_VERSION='1.0.1'
PATH_SEPARATOR=':'
PKG_CONFIG='/usr/bin/pkg-config'
RANLIB='ranlib'
RMINC=''
RMLIB=''
RM_TYPE='RC_slurm'
SED='/bin/sed'
SET_MAKE=''
SHELL='/bin/sh'
SMPFACTOR='32'
STRIP='strip'
TARGET_JOB_LAUNCHER_PATH='/usr/bin/srun'
TESTNNODES='2'
VERSION='1.0.1'
WITH_ALPS_FALSE=''
WITH_ALPS_TRUE='#'
WITH_CIOD_FALSE=''
WITH_CIOD_TRUE='#'
WITH_COBO_FALSE='#'
WITH_COBO_TRUE=''
ac_ct_CC='gcc'
ac_ct_CXX='g++'
ac_ct_DUMPBIN=''
am__EXEEXT_FALSE=''
am__EXEEXT_TRUE='#'
am__fastdepCC_FALSE='#'
am__fastdepCC_TRUE=''
am__fastdepCXX_FALSE='#'
am__fastdepCXX_TRUE=''
am__include='include'
am__isrc=''
am__leading_dot='.'
am__quote=''
am__tar='${AMTAR} chof - "$$tardir"'
am__untar='${AMTAR} xf -'
bindir='${exec_prefix}/bin'
build='x86_64-redhat-linux-gnu'
build_alias=''
build_cpu='x86_64'
build_os='linux-gnu'
build_vendor='redhat'
datadir='${datarootdir}'
datarootdir='${prefix}/share'
docdir='${datarootdir}/doc/${PACKAGE_TARNAME}'
dvidir='${docdir}'
envcmd='/usr/bin/env'
exec_prefix='${prefix}'
host='x86_64-redhat-linux-gnu'
host_alias=''
host_cpu='x86_64'
host_os='linux-gnu'
host_vendor='redhat'
htmldir='${docdir}'
includedir='${prefix}/include'
infodir='${datarootdir}/info'
install_sh='${SHELL} /g/g19/liu50/workspace/launchmon-dev/config/install-sh'
libdir='${exec_prefix}/lib'
libexecdir='${exec_prefix}/libexec'
localedir='${datarootdir}/locale'
localstatedir='${prefix}/var'
lt_ECHO='echo'
mandir='${datarootdir}/man'
mkdir_p='/bin/mkdir -p'
oldincludedir='/usr/include'
pdfdir='${docdir}'
prefix='/g/g19/liu50/bin/cab'
program_transform_name='s,x,x,'
psdir='${docdir}'
rshcmd='/usr/bin/rsh'
sbindir='${exec_prefix}/sbin'
sharedstatedir='${prefix}/com'
sshcmd='/usr/bin/ssh'
subdirs=' tools/libgpg-error'
sysconfdir='${prefix}/etc'
target_alias=''
tvcmd='/usr/local/bin/totalview'

## ----------- ##
## confdefs.h. ##
## ----------- ##

#define PACKAGE_NAME "LaunchMON"
#define PACKAGE_TARNAME "launchmon"
#define PACKAGE_VERSION "1.0.1"
#define PACKAGE_STRING "LaunchMON 1.0.1"
#define PACKAGE_BUGREPORT "ahn1@llnl.gov"
#define PACKAGE "launchmon"
#define VERSION "1.0.1"
#define LINUX_CODE_REQUIRED 1
#define X86_64_ARCHITECTURE 1
#define BIT64 1
#define TARGET_OS_ISA_STRING "linux-x86_64"
#define TARGET_RM_STRING "generic"
#define DEBUG 1
#define COBO_BASED 1
#define TEST_MORE_COLL 1
#define TOOL_HOST_ENV "LMON_FE_WHERETOCONNECT_ADDR"
#define TOOL_PORT_ENV "LMON_FE_WHERETOCONNECT_PORT"
#define TOOL_SS_ENV "LMON_SHARED_SECRET"
#define TOOL_SCH_ENV "LMON_SEC_CHK"
#define COBO_BEGIN_PORT 20101
#define COBO_PORT_RANGE 32
#define GCRYPT 1
#define STDC_HEADERS 1
#define HAVE_SYS_TYPES_H 1
#define HAVE_SYS_STAT_H 1
#define HAVE_STDLIB_H 1
#define HAVE_STRING_H 1
#define HAVE_MEMORY_H 1
#define HAVE_STRINGS_H 1
#define HAVE_INTTYPES_H 1
#define HAVE_STDINT_H 1
#define HAVE_UNISTD_H 1
#define HAVE_SYS_TYPES_H 1
#define HAVE_LIBMUNGE 1
#define SEC_KEYDIR ""
#define MUNGE 1
#define HAVE_DLFCN_H 1
#define LT_OBJDIR ".libs/"
#define ENVCMD "/usr/bin/env"
#define SSHCMD "/usr/bin/ssh"
#define RSHCMD "/usr/bin/rsh"
#define TVCMD "/usr/local/bin/totalview"
#define LMON_PREFIX "/g/g19/liu50/bin/cab"
#define HAVE_STACK 1
#define HAVE_VECTOR 1
#define HAVE_MAP 1
#define HAVE_LIST 1
#define HAVE_IOSTREAM 1
#define HAVE_STRING 1
#define HAVE_ALGORITHM 1
#define HAVE_FSTREAM 1
#define HAVE_SSTREAM 1
#define HAVE_CXXABI_H 1
#define HAVE_SYS_WAIT_H 1
#define HAVE_LIBELF_H 1
#define LOCATION_OF_LIBELFHEADER <libelf.h>
#define HAVE__BOOL 1
#define HAVE_STDBOOL_H 1
#define TIME_WITH_SYS_TIME 1
#define HAVE_FORK 1
#define HAVE_VFORK 1
#define HAVE_WORKING_VFORK 1
#define HAVE_WORKING_FORK 1
#define HAVE_STDLIB_H 1
#define HAVE_MALLOC 1
#define STDC_HEADERS 1
#define RETSIGTYPE void
#define LSTAT_FOLLOWS_SLASHED_SYMLINK 1
#define HAVE_STRFTIME 1
#define HAVE_VPRINTF 1
#define HAVE_GETTIMEOFDAY 1
#define HAVE_MEMSET 1
#define HAVE_STRDUP 1

configure: exit 0

## ---------------------- ##
## Running config.status. ##
## ---------------------- ##

This file was extended by LaunchMON config.status 1.0.1, which was
generated by GNU Autoconf 2.63.  Invocation command line was

  CONFIG_FILES    = 
  CONFIG_HEADERS  = 
  CONFIG_LINKS    = 
  CONFIG_COMMANDS = 
  $ ./config.status 

on cab670

config.status:1157: creating Makefile
config.status:1157: creating tools/Makefile
config.status:1157: creating tools/ciod/Makefile
config.status:1157: creating tools/cobo/Makefile
config.status:1157: creating tools/cobo/src/Makefile
config.status:1157: creating tools/alps/Makefile
config.status:1157: creating tools/alps/src/Makefile
config.status:1157: creating tools/handshake/Makefile
config.status:1157: creating launchmon/Makefile
config.status:1157: creating launchmon/src/Makefile
config.status:1157: creating launchmon/src/linux/Makefile
config.status:1157: creating launchmon/src/linux/lmon_api/Makefile
config.status:1157: creating launchmon/man/Makefile
config.status:1157: creating test/Makefile
config.status:1157: creating test/src/Makefile
config.status:1157: creating config.h
config.status:1379: config.h is unchanged
config.status:1431: executing depfiles commands
config.status:1431: executing libtool commands

## ---------------------- ##
## Running config.status. ##
## ---------------------- ##

This file was extended by LaunchMON config.status 1.0.1, which was
generated by GNU Autoconf 2.63.  Invocation command line was

  CONFIG_FILES    = 
  CONFIG_HEADERS  = 
  CONFIG_LINKS    = 
  CONFIG_COMMANDS = 
  $ ./config.status config.h

on cab670

config.status:1157: creating config.h
config.status:1379: config.h is unchanged
