This file contains any messages produced by compilers while
running configure, to aid debugging if configure makes a mistake.

It was created by libgcrypt configure 1.2.0, which was
generated by GNU Autoconf 2.59.  Invocation command line was

  $ ./configure --prefix=/g/g19/liu50/bin/cab CFLAGS=-g  CXXFLAGS=-g  LD=/usr/local/bin/ld -m elf_x86_64

## --------- ##
## Platform. ##
## --------- ##

hostname = cab670
uname -m = x86_64
uname -r = 2.6.32-504.12.2.2chaos.ch5.3.x86_64
uname -s = Linux
uname -v = #1 SMP Fri Mar 20 13:20:55 PDT 2015

/usr/bin/uname -p = unknown
/bin/uname -X     = unknown

/bin/arch              = x86_64
/usr/bin/arch -k       = unknown
/usr/convex/getsysinfo = unknown
hostinfo               = unknown
/bin/machine           = unknown
/usr/bin/oslevel       = unknown
/bin/universe          = unknown

PATH: /g/g19/liu50/bin/cab/launchmon/
PATH: /usr/lib64/qt-3.3/bin
PATH: /usr/local/bin
PATH: /bin
PATH: /usr/bin
PATH: /usr/local/sbin
PATH: /usr/sbin
PATH: /sbin
PATH: /usr/global/tools/totalview/m/cab/default/bin
PATH: /collab/usr/global/tools/git/chaos_5_x86_64_ib/git-2.0.0/bin
PATH: .


## ----------- ##
## Core tests. ##
## ----------- ##

configure:1584: checking build system type
configure:1602: result: x86_64-unknown-linux-gnu
configure:1610: checking host system type
configure:1624: result: x86_64-unknown-linux-gnu
configure:1632: checking target system type
configure:1646: result: x86_64-unknown-linux-gnu
configure:1674: checking for a BSD-compatible install
configure:1729: result: /usr/bin/install -c
configure:1740: checking whether build environment is sane
configure:1783: result: yes
configure:1816: checking for gawk
configure:1832: found /bin/gawk
configure:1842: result: gawk
configure:1852: checking whether make sets $(MAKE)
configure:1872: result: yes
configure:2038: checking whether to enable maintainer-specific portions of Makefiles
configure:2047: result: no
configure:2254: checking for style of include used by make
configure:2282: result: GNU
configure:2353: checking for gcc
configure:2369: found /usr/local/bin/gcc
configure:2379: result: gcc
configure:2623: checking for C compiler version
configure:2626: gcc --version </dev/null >&5
gcc (GCC) 4.4.7 20120313 (Red Hat 4.4.7-11)
Copyright (C) 2010 Free Software Foundation, Inc.
This is free software; see the source for copying conditions.  There is NO
warranty; not even for MERCHANTABILITY or FITNESS FOR A PARTICULAR PURPOSE.

configure:2629: $? = 0
configure:2631: gcc -v </dev/null >&5
Using built-in specs.
Target: x86_64-redhat-linux
Configured with: ../configure --prefix=/usr --mandir=/usr/share/man --infodir=/usr/share/info --with-bugurl=http://bugzilla.redhat.com/bugzilla --enable-bootstrap --enable-shared --enable-threads=posix --enable-checking=release --with-system-zlib --enable-__cxa_atexit --disable-libunwind-exceptions --enable-gnu-unique-object --enable-languages=c,c++,objc,obj-c++,java,fortran,ada --enable-java-awt=gtk --disable-dssi --with-java-home=/usr/lib/jvm/java-1.5.0-gcj-1.5.0.0/jre --enable-libgcj-multifile --enable-java-maintainer-mode --with-ecj-jar=/usr/share/java/eclipse-ecj.jar --disable-libjava-multilib --with-ppl --with-cloog --with-tune=generic --with-arch_32=i686 --build=x86_64-redhat-linux
Thread model: posix
gcc version 4.4.7 20120313 (Red Hat 4.4.7-11) (GCC) 
configure:2634: $? = 0
configure:2636: gcc -V </dev/null >&5
gcc: '-V' option must have argument
configure:2639: $? = 1
configure:2662: checking for C compiler default output file name
configure:2665: gcc -g    conftest.c  >&5
configure:2668: $? = 0
configure:2714: result: a.out
configure:2719: checking whether the C compiler works
configure:2725: ./a.out
configure:2728: $? = 0
configure:2745: result: yes
configure:2752: checking whether we are cross compiling
configure:2754: result: no
configure:2757: checking for suffix of executables
configure:2759: gcc -o conftest -g    conftest.c  >&5
configure:2762: $? = 0
configure:2787: result: 
configure:2793: checking for suffix of object files
configure:2814: gcc -c -g   conftest.c >&5
configure:2817: $? = 0
configure:2839: result: o
configure:2843: checking whether we are using the GNU C compiler
configure:2867: gcc -c -g   conftest.c >&5
configure:2873: $? = 0
configure:2876: test -z 			 || test ! -s conftest.err
configure:2879: $? = 0
configure:2882: test -s conftest.o
configure:2885: $? = 0
configure:2898: result: yes
configure:2904: checking whether gcc accepts -g
configure:2925: gcc -c -g  conftest.c >&5
configure:2931: $? = 0
configure:2934: test -z 			 || test ! -s conftest.err
configure:2937: $? = 0
configure:2940: test -s conftest.o
configure:2943: $? = 0
configure:2954: result: yes
configure:2971: checking for gcc option to accept ANSI C
configure:3041: gcc  -c -g   conftest.c >&5
configure:3047: $? = 0
configure:3050: test -z 			 || test ! -s conftest.err
configure:3053: $? = 0
configure:3056: test -s conftest.o
configure:3059: $? = 0
configure:3077: result: none needed
configure:3095: gcc -c -g   conftest.c >&5
conftest.c:2: error: expected '=', ',', ';', 'asm' or '__attribute__' before 'me'
configure:3101: $? = 1
configure: failed program was:
| #ifndef __cplusplus
|   choke me
| #endif
configure:3233: checking dependency style of gcc
configure:3316: result: gcc3
configure:3334: checking whether byte ordering is bigendian
configure:3361: gcc -c -g   conftest.c >&5
configure:3367: $? = 0
configure:3370: test -z 			 || test ! -s conftest.err
configure:3373: $? = 0
configure:3376: test -s conftest.o
configure:3379: $? = 0
configure:3403: gcc -c -g   conftest.c >&5
conftest.c: In function 'main':
conftest.c:20: error: 'not' undeclared (first use in this function)
conftest.c:20: error: (Each undeclared identifier is reported only once
conftest.c:20: error: for each function it appears in.)
conftest.c:20: error: expected ';' before 'big'
configure:3409: $? = 1
configure: failed program was:
| /* confdefs.h.  */
| 
| #define PACKAGE_NAME "libgcrypt"
| #define PACKAGE_TARNAME "libgcrypt"
| #define PACKAGE_VERSION "1.2.0"
| #define PACKAGE_STRING "libgcrypt 1.2.0"
| #define PACKAGE_BUGREPORT "bug-libgcrypt@gnupg.org"
| #define PACKAGE "libgcrypt"
| #define VERSION "1.2.0"
| #define PACKAGE "libgcrypt"
| #define VERSION "1.2.0"
| /* end confdefs.h.  */
| #include <sys/types.h>
| #include <sys/param.h>
| 
| int
| main ()
| {
| #if BYTE_ORDER != BIG_ENDIAN
|  not big endian
| #endif
| 
|   ;
|   return 0;
| }
configure:3542: result: no
configure:3567: checking how to run the C preprocessor
configure:3602: gcc -E  conftest.c
configure:3608: $? = 0
configure:3640: gcc -E  conftest.c
conftest.c:13:28: error: ac_nonexistent.h: No such file or directory
configure:3646: $? = 1
configure: failed program was:
| /* confdefs.h.  */
| 
| #define PACKAGE_NAME "libgcrypt"
| #define PACKAGE_TARNAME "libgcrypt"
| #define PACKAGE_VERSION "1.2.0"
| #define PACKAGE_STRING "libgcrypt 1.2.0"
| #define PACKAGE_BUGREPORT "bug-libgcrypt@gnupg.org"
| #define PACKAGE "libgcrypt"
| #define VERSION "1.2.0"
| #define PACKAGE "libgcrypt"
| #define VERSION "1.2.0"
| /* end confdefs.h.  */
| #include <ac_nonexistent.h>
configure:3685: result: gcc -E
configure:3709: gcc -E  conftest.c
configure:3715: $? = 0
configure:3747: gcc -E  conftest.c
conftest.c:13:28: error: ac_nonexistent.h: No such file or directory
configure:3753: $? = 1
configure: failed program was:
| /* confdefs.h.  */
| 
| #define PACKAGE_NAME "libgcrypt"
| #define PACKAGE_TARNAME "libgcrypt"
| #define PACKAGE_VERSION "1.2.0"
| #define PACKAGE_STRING "libgcrypt 1.2.0"
| #define PACKAGE_BUGREPORT "bug-libgcrypt@gnupg.org"
| #define PACKAGE "libgcrypt"
| #define VERSION "1.2.0"
| #define PACKAGE "libgcrypt"
| #define VERSION "1.2.0"
| /* end confdefs.h.  */
| #include <ac_nonexistent.h>
configure:3797: checking for egrep
configure:3807: result: grep -E
configure:3812: checking for ANSI C header files
configure:3837: gcc -c -g   conftest.c >&5
configure:3843: $? = 0
configure:3846: test -z 			 || test ! -s conftest.err
configure:3849: $? = 0
configure:3852: test -s conftest.o
configure:3855: $? = 0
configure:3944: gcc -o conftest -g    conftest.c  >&5
conftest.c: In function 'main':
conftest.c:30: warning: incompatible implicit declaration of built-in function 'exit'
configure:3947: $? = 0
configure:3949: ./conftest
configure:3952: $? = 0
configure:3967: result: yes
configure:3991: checking for sys/types.h
configure:4007: gcc -c -g   conftest.c >&5
configure:4013: $? = 0
configure:4016: test -z 			 || test ! -s conftest.err
configure:4019: $? = 0
configure:4022: test -s conftest.o
configure:4025: $? = 0
configure:4036: result: yes
configure:3991: checking for sys/stat.h
configure:4007: gcc -c -g   conftest.c >&5
configure:4013: $? = 0
configure:4016: test -z 			 || test ! -s conftest.err
configure:4019: $? = 0
configure:4022: test -s conftest.o
configure:4025: $? = 0
configure:4036: result: yes
configure:3991: checking for stdlib.h
configure:4007: gcc -c -g   conftest.c >&5
configure:4013: $? = 0
configure:4016: test -z 			 || test ! -s conftest.err
configure:4019: $? = 0
configure:4022: test -s conftest.o
configure:4025: $? = 0
configure:4036: result: yes
configure:3991: checking for string.h
configure:4007: gcc -c -g   conftest.c >&5
configure:4013: $? = 0
configure:4016: test -z 			 || test ! -s conftest.err
configure:4019: $? = 0
configure:4022: test -s conftest.o
configure:4025: $? = 0
configure:4036: result: yes
configure:3991: checking for memory.h
configure:4007: gcc -c -g   conftest.c >&5
configure:4013: $? = 0
configure:4016: test -z 			 || test ! -s conftest.err
configure:4019: $? = 0
configure:4022: test -s conftest.o
configure:4025: $? = 0
configure:4036: result: yes
configure:3991: checking for strings.h
configure:4007: gcc -c -g   conftest.c >&5
configure:4013: $? = 0
configure:4016: test -z 			 || test ! -s conftest.err
configure:4019: $? = 0
configure:4022: test -s conftest.o
configure:4025: $? = 0
configure:4036: result: yes
configure:3991: checking for inttypes.h
configure:4007: gcc -c -g   conftest.c >&5
configure:4013: $? = 0
configure:4016: test -z 			 || test ! -s conftest.err
configure:4019: $? = 0
configure:4022: test -s conftest.o
configure:4025: $? = 0
configure:4036: result: yes
configure:3991: checking for stdint.h
configure:4007: gcc -c -g   conftest.c >&5
configure:4013: $? = 0
configure:4016: test -z 			 || test ! -s conftest.err
configure:4019: $? = 0
configure:4022: test -s conftest.o
configure:4025: $? = 0
configure:4036: result: yes
configure:3991: checking for unistd.h
configure:4007: gcc -c -g   conftest.c >&5
configure:4013: $? = 0
configure:4016: test -z 			 || test ! -s conftest.err
configure:4019: $? = 0
configure:4022: test -s conftest.o
configure:4025: $? = 0
configure:4036: result: yes
configure:4048: checking for unsigned short
configure:4072: gcc -c -g   conftest.c >&5
configure:4078: $? = 0
configure:4081: test -z 			 || test ! -s conftest.err
configure:4084: $? = 0
configure:4087: test -s conftest.o
configure:4090: $? = 0
configure:4101: result: yes
configure:4104: checking size of unsigned short
configure:4416: gcc -o conftest -g    conftest.c  >&5
configure:4419: $? = 0
configure:4421: ./conftest
configure:4424: $? = 0
configure:4447: result: 2
configure:4454: checking for unsigned int
configure:4478: gcc -c -g   conftest.c >&5
configure:4484: $? = 0
configure:4487: test -z 			 || test ! -s conftest.err
configure:4490: $? = 0
configure:4493: test -s conftest.o
configure:4496: $? = 0
configure:4507: result: yes
configure:4510: checking size of unsigned int
configure:4822: gcc -o conftest -g    conftest.c  >&5
configure:4825: $? = 0
configure:4827: ./conftest
configure:4830: $? = 0
configure:4853: result: 4
configure:4860: checking for unsigned long
configure:4884: gcc -c -g   conftest.c >&5
configure:4890: $? = 0
configure:4893: test -z 			 || test ! -s conftest.err
configure:4896: $? = 0
configure:4899: test -s conftest.o
configure:4902: $? = 0
configure:4913: result: yes
configure:4916: checking size of unsigned long
configure:5228: gcc -o conftest -g    conftest.c  >&5
configure:5231: $? = 0
configure:5233: ./conftest
configure:5236: $? = 0
configure:5259: result: 8
configure:5266: checking for unsigned long long
configure:5290: gcc -c -g   conftest.c >&5
configure:5296: $? = 0
configure:5299: test -z 			 || test ! -s conftest.err
configure:5302: $? = 0
configure:5305: test -s conftest.o
configure:5308: $? = 0
configure:5319: result: yes
configure:5322: checking size of unsigned long long
configure:5634: gcc -o conftest -g    conftest.c  >&5
configure:5637: $? = 0
configure:5639: ./conftest
configure:5642: $? = 0
configure:5665: result: 8
configure:5714: checking which symmetric ciphers to include
configure:5734: result: arcfour blowfish cast5 des aes twofish serpent rfc2268
configure:5750: checking which public-key ciphers to include
configure:5770: result: dsa elgamal rsa
configure:5786: checking which message digests to include
configure:5806: result: crc md4 md5 rmd160 sha1 sha256 sha512 tiger
configure:5818: checking which random module to use
configure:5838: result: default
configure:5842: checking whether use of /dev/random is requested
configure:5851: result: yes
configure:5870: checking whether assembler modules are requested
configure:5879: result: yes
configure:5883: checking whether memory guard is requested
configure:5892: result: no
configure:5904: checking whether use of capabilities is requested
configure:5914: result: no
configure:5921: checking whether make sets $(MAKE)
configure:5941: result: yes
configure:6010: checking for gcc
configure:6036: result: gcc
configure:6280: checking for C compiler version
configure:6283: gcc --version </dev/null >&5
gcc (GCC) 4.4.7 20120313 (Red Hat 4.4.7-11)
Copyright (C) 2010 Free Software Foundation, Inc.
This is free software; see the source for copying conditions.  There is NO
warranty; not even for MERCHANTABILITY or FITNESS FOR A PARTICULAR PURPOSE.

configure:6286: $? = 0
configure:6288: gcc -v </dev/null >&5
Using built-in specs.
Target: x86_64-redhat-linux
Configured with: ../configure --prefix=/usr --mandir=/usr/share/man --infodir=/usr/share/info --with-bugurl=http://bugzilla.redhat.com/bugzilla --enable-bootstrap --enable-shared --enable-threads=posix --enable-checking=release --with-system-zlib --enable-__cxa_atexit --disable-libunwind-exceptions --enable-gnu-unique-object --enable-languages=c,c++,objc,obj-c++,java,fortran,ada --enable-java-awt=gtk --disable-dssi --with-java-home=/usr/lib/jvm/java-1.5.0-gcj-1.5.0.0/jre --enable-libgcj-multifile --enable-java-maintainer-mode --with-ecj-jar=/usr/share/java/eclipse-ecj.jar --disable-libjava-multilib --with-ppl --with-cloog --with-tune=generic --with-arch_32=i686 --build=x86_64-redhat-linux
Thread model: posix
gcc version 4.4.7 20120313 (Red Hat 4.4.7-11) (GCC) 
configure:6291: $? = 0
configure:6293: gcc -V </dev/null >&5
gcc: '-V' option must have argument
configure:6296: $? = 1
configure:6299: checking whether we are using the GNU C compiler
configure:6354: result: yes
configure:6360: checking whether gcc accepts -g
configure:6410: result: yes
configure:6427: checking for gcc option to accept ANSI C
configure:6533: result: none needed
configure:6551: gcc -c -g   conftest.c >&5
conftest.c:2: error: expected '=', ',', ';', 'asm' or '__attribute__' before 'me'
configure:6557: $? = 1
configure: failed program was:
| #ifndef __cplusplus
|   choke me
| #endif
configure:6689: checking dependency style of gcc
configure:6772: result: gcc3
configure:6794: checking how to run the C preprocessor
configure:6912: result: gcc -E
configure:6936: gcc -E  conftest.c
configure:6942: $? = 0
configure:6974: gcc -E  conftest.c
conftest.c:28:28: error: ac_nonexistent.h: No such file or directory
configure:6980: $? = 1
configure: failed program was:
| /* confdefs.h.  */
| 
| #define PACKAGE_NAME "libgcrypt"
| #define PACKAGE_TARNAME "libgcrypt"
| #define PACKAGE_VERSION "1.2.0"
| #define PACKAGE_STRING "libgcrypt 1.2.0"
| #define PACKAGE_BUGREPORT "bug-libgcrypt@gnupg.org"
| #define PACKAGE "libgcrypt"
| #define VERSION "1.2.0"
| #define PACKAGE "libgcrypt"
| #define VERSION "1.2.0"
| #define STDC_HEADERS 1
| #define HAVE_SYS_TYPES_H 1
| #define HAVE_SYS_STAT_H 1
| #define HAVE_STDLIB_H 1
| #define HAVE_STRING_H 1
| #define HAVE_MEMORY_H 1
| #define HAVE_STRINGS_H 1
| #define HAVE_INTTYPES_H 1
| #define HAVE_STDINT_H 1
| #define HAVE_UNISTD_H 1
| #define SIZEOF_UNSIGNED_SHORT 2
| #define SIZEOF_UNSIGNED_INT 4
| #define SIZEOF_UNSIGNED_LONG 8
| #define SIZEOF_UNSIGNED_LONG_LONG 8
| #define EGD_SOCKET_NAME ""
| /* end confdefs.h.  */
| #include <ac_nonexistent.h>
configure:7031: checking for strerror in -lcposix
configure:7061: gcc -o conftest -g    conftest.c -lcposix   >&5
/usr/bin/ld: cannot find -lcposix
collect2: ld returned 1 exit status
configure:7067: $? = 1
configure: failed program was:
| /* confdefs.h.  */
| 
| #define PACKAGE_NAME "libgcrypt"
| #define PACKAGE_TARNAME "libgcrypt"
| #define PACKAGE_VERSION "1.2.0"
| #define PACKAGE_STRING "libgcrypt 1.2.0"
| #define PACKAGE_BUGREPORT "bug-libgcrypt@gnupg.org"
| #define PACKAGE "libgcrypt"
| #define VERSION "1.2.0"
| #define PACKAGE "libgcrypt"
| #define VERSION "1.2.0"
| #define STDC_HEADERS 1
| #define HAVE_SYS_TYPES_H 1
| #define HAVE_SYS_STAT_H 1
| #define HAVE_STDLIB_H 1
| #define HAVE_STRING_H 1
| #define HAVE_MEMORY_H 1
| #define HAVE_STRINGS_H 1
| #define HAVE_INTTYPES_H 1
| #define HAVE_STDINT_H 1
| #define HAVE_UNISTD_H 1
| #define SIZEOF_UNSIGNED_SHORT 2
| #define SIZEOF_UNSIGNED_INT 4
| #define SIZEOF_UNSIGNED_LONG 8
| #define SIZEOF_UNSIGNED_LONG_LONG 8
| #define EGD_SOCKET_NAME ""
| /* end confdefs.h.  */
| 
| /* Override any gcc2 internal prototype to avoid an error.  */
| #ifdef __cplusplus
| extern "C"
| #endif
| /* We use char because int might match the return type of a gcc2
|    builtin and then its argument prototype would still apply.  */
| char strerror ();
| int
| main ()
| {
| strerror ();
|   ;
|   return 0;
| }
configure:7092: result: no
configure:7113: checking for a BSD-compatible install
configure:7168: result: /usr/bin/install -c
configure:7183: checking for gawk
configure:7209: result: gawk
configure:7292: checking for a sed that does not truncate output
configure:7346: result: /bin/sed
configure:7360: checking for ld used by gcc
configure:7427: result: /usr/local/bin/ld -m elf_x86_64
configure:7436: checking if the linker (/usr/local/bin/ld -m elf_x86_64) is GNU ld
configure:7451: result: yes
configure:7456: checking for /usr/local/bin/ld -m elf_x86_64 option to reload object files
configure:7463: result: -r
configure:7472: checking for BSD-compatible nm
configure:7514: result: /usr/bin/nm -B
configure:7518: checking whether ln -s works
configure:7522: result: yes
configure:7529: checking how to recognise dependent libraries
configure:7703: result: pass_all
configure:7787: gcc -c -g   conftest.c >&5
configure:7790: $? = 0
configure:7924: checking dlfcn.h usability
configure:7936: gcc -c -g   conftest.c >&5
configure:7942: $? = 0
configure:7945: test -z 			 || test ! -s conftest.err
configure:7948: $? = 0
configure:7951: test -s conftest.o
configure:7954: $? = 0
configure:7964: result: yes
configure:7968: checking dlfcn.h presence
configure:7978: gcc -E  conftest.c
configure:7984: $? = 0
configure:8004: result: yes
configure:8039: checking for dlfcn.h
configure:8046: result: yes
configure:8111: checking for g++
configure:8127: found /usr/local/bin/g++
configure:8137: result: g++
configure:8153: checking for C++ compiler version
configure:8156: g++ --version </dev/null >&5
g++ (GCC) 4.4.7 20120313 (Red Hat 4.4.7-11)
Copyright (C) 2010 Free Software Foundation, Inc.
This is free software; see the source for copying conditions.  There is NO
warranty; not even for MERCHANTABILITY or FITNESS FOR A PARTICULAR PURPOSE.

configure:8159: $? = 0
configure:8161: g++ -v </dev/null >&5
Using built-in specs.
Target: x86_64-redhat-linux
Configured with: ../configure --prefix=/usr --mandir=/usr/share/man --infodir=/usr/share/info --with-bugurl=http://bugzilla.redhat.com/bugzilla --enable-bootstrap --enable-shared --enable-threads=posix --enable-checking=release --with-system-zlib --enable-__cxa_atexit --disable-libunwind-exceptions --enable-gnu-unique-object --enable-languages=c,c++,objc,obj-c++,java,fortran,ada --enable-java-awt=gtk --disable-dssi --with-java-home=/usr/lib/jvm/java-1.5.0-gcj-1.5.0.0/jre --enable-libgcj-multifile --enable-java-maintainer-mode --with-ecj-jar=/usr/share/java/eclipse-ecj.jar --disable-libjava-multilib --with-ppl --with-cloog --with-tune=generic --with-arch_32=i686 --build=x86_64-redhat-linux
Thread model: posix
gcc version 4.4.7 20120313 (Red Hat 4.4.7-11) (GCC) 
configure:8164: $? = 0
configure:8166: g++ -V </dev/null >&5
g++: '-V' option must have argument
configure:8169: $? = 1
configure:8172: checking whether we are using the GNU C++ compiler
configure:8196: g++ -c -g   conftest.cc >&5
configure:8202: $? = 0
configure:8205: test -z 			 || test ! -s conftest.err
configure:8208: $? = 0
configure:8211: test -s conftest.o
configure:8214: $? = 0
configure:8227: result: yes
configure:8233: checking whether g++ accepts -g
configure:8254: g++ -c -g  conftest.cc >&5
configure:8260: $? = 0
configure:8263: test -z 			 || test ! -s conftest.err
configure:8266: $? = 0
configure:8269: test -s conftest.o
configure:8272: $? = 0
configure:8283: result: yes
configure:8325: g++ -c -g   conftest.cc >&5
configure:8331: $? = 0
configure:8334: test -z 			 || test ! -s conftest.err
configure:8337: $? = 0
configure:8340: test -s conftest.o
configure:8343: $? = 0
configure:8369: g++ -c -g   conftest.cc >&5
conftest.cc: In function 'int main()':
conftest.cc:33: error: 'exit' was not declared in this scope
configure:8375: $? = 1
configure: failed program was:
| /* confdefs.h.  */
| 
| #define PACKAGE_NAME "libgcrypt"
| #define PACKAGE_TARNAME "libgcrypt"
| #define PACKAGE_VERSION "1.2.0"
| #define PACKAGE_STRING "libgcrypt 1.2.0"
| #define PACKAGE_BUGREPORT "bug-libgcrypt@gnupg.org"
| #define PACKAGE "libgcrypt"
| #define VERSION "1.2.0"
| #define PACKAGE "libgcrypt"
| #define VERSION "1.2.0"
| #define STDC_HEADERS 1
| #define HAVE_SYS_TYPES_H 1
| #define HAVE_SYS_STAT_H 1
| #define HAVE_STDLIB_H 1
| #define HAVE_STRING_H 1
| #define HAVE_MEMORY_H 1
| #define HAVE_STRINGS_H 1
| #define HAVE_INTTYPES_H 1
| #define HAVE_STDINT_H 1
| #define HAVE_UNISTD_H 1
| #define SIZEOF_UNSIGNED_SHORT 2
| #define SIZEOF_UNSIGNED_INT 4
| #define SIZEOF_UNSIGNED_LONG 8
| #define SIZEOF_UNSIGNED_LONG_LONG 8
| #define EGD_SOCKET_NAME ""
| #define HAVE_DLFCN_H 1
| /* end confdefs.h.  */
| 
| int
| main ()
| {
| exit (42);
|   ;
|   return 0;
| }
configure:8325: g++ -c -g   conftest.cc >&5
conftest.cc:29: error: 'void std::exit(int)' should have been declared inside 'std'
configure:8331: $? = 1
configure: failed program was:
| /* confdefs.h.  */
| 
| #define PACKAGE_NAME "libgcrypt"
| #define PACKAGE_TARNAME "libgcrypt"
| #define PACKAGE_VERSION "1.2.0"
| #define PACKAGE_STRING "libgcrypt 1.2.0"
| #define PACKAGE_BUGREPORT "bug-libgcrypt@gnupg.org"
| #define PACKAGE "libgcrypt"
| #define VERSION "1.2.0"
| #define PACKAGE "libgcrypt"
| #define VERSION "1.2.0"
| #define STDC_HEADERS 1
| #define HAVE_SYS_TYPES_H 1
| #define HAVE_SYS_STAT_H 1
| #define HAVE_STDLIB_H 1
| #define HAVE_STRING_H 1
| #define HAVE_MEMORY_H 1
| #define HAVE_STRINGS_H 1
| #define HAVE_INTTYPES_H 1
| #define HAVE_STDINT_H 1
| #define HAVE_UNISTD_H 1
| #define SIZEOF_UNSIGNED_SHORT 2
| #define SIZEOF_UNSIGNED_INT 4
| #define SIZEOF_UNSIGNED_LONG 8
| #define SIZEOF_UNSIGNED_LONG_LONG 8
| #define EGD_SOCKET_NAME ""
| #define HAVE_DLFCN_H 1
| /* end confdefs.h.  */
| extern "C" void std::exit (int) throw (); using std::exit;
| #include <stdlib.h>
| int
| main ()
| {
| exit (42);
|   ;
|   return 0;
| }
configure:8325: g++ -c -g   conftest.cc >&5
conftest.cc:29: error: 'void std::exit(int)' should have been declared inside 'std'
In file included from conftest.cc:30:
/usr/include/stdlib.h:544: error: declaration of 'void std::exit(int) throw ()' throws different exceptions
conftest.cc:29: error: from previous declaration 'void std::exit(int)'
configure:8331: $? = 1
configure: failed program was:
| /* confdefs.h.  */
| 
| #define PACKAGE_NAME "libgcrypt"
| #define PACKAGE_TARNAME "libgcrypt"
| #define PACKAGE_VERSION "1.2.0"
| #define PACKAGE_STRING "libgcrypt 1.2.0"
| #define PACKAGE_BUGREPORT "bug-libgcrypt@gnupg.org"
| #define PACKAGE "libgcrypt"
| #define VERSION "1.2.0"
| #define PACKAGE "libgcrypt"
| #define VERSION "1.2.0"
| #define STDC_HEADERS 1
| #define HAVE_SYS_TYPES_H 1
| #define HAVE_SYS_STAT_H 1
| #define HAVE_STDLIB_H 1
| #define HAVE_STRING_H 1
| #define HAVE_MEMORY_H 1
| #define HAVE_STRINGS_H 1
| #define HAVE_INTTYPES_H 1
| #define HAVE_STDINT_H 1
| #define HAVE_UNISTD_H 1
| #define SIZEOF_UNSIGNED_SHORT 2
| #define SIZEOF_UNSIGNED_INT 4
| #define SIZEOF_UNSIGNED_LONG 8
| #define SIZEOF_UNSIGNED_LONG_LONG 8
| #define EGD_SOCKET_NAME ""
| #define HAVE_DLFCN_H 1
| /* end confdefs.h.  */
| extern "C" void std::exit (int); using std::exit;
| #include <stdlib.h>
| int
| main ()
| {
| exit (42);
|   ;
|   return 0;
| }
configure:8325: g++ -c -g   conftest.cc >&5
configure:8331: $? = 0
configure:8334: test -z 			 || test ! -s conftest.err
configure:8337: $? = 0
configure:8340: test -s conftest.o
configure:8343: $? = 0
configure:8369: g++ -c -g   conftest.cc >&5
configure:8375: $? = 0
configure:8378: test -z 			 || test ! -s conftest.err
configure:8381: $? = 0
configure:8384: test -s conftest.o
configure:8387: $? = 0
configure:8412: checking dependency style of g++
configure:8495: result: gcc3
configure:8517: checking how to run the C++ preprocessor
configure:8548: g++ -E  conftest.cc
configure:8554: $? = 0
configure:8586: g++ -E  conftest.cc
conftest.cc:32:28: error: ac_nonexistent.h: No such file or directory
configure:8592: $? = 1
configure: failed program was:
| /* confdefs.h.  */
| 
| #define PACKAGE_NAME "libgcrypt"
| #define PACKAGE_TARNAME "libgcrypt"
| #define PACKAGE_VERSION "1.2.0"
| #define PACKAGE_STRING "libgcrypt 1.2.0"
| #define PACKAGE_BUGREPORT "bug-libgcrypt@gnupg.org"
| #define PACKAGE "libgcrypt"
| #define VERSION "1.2.0"
| #define PACKAGE "libgcrypt"
| #define VERSION "1.2.0"
| #define STDC_HEADERS 1
| #define HAVE_SYS_TYPES_H 1
| #define HAVE_SYS_STAT_H 1
| #define HAVE_STDLIB_H 1
| #define HAVE_STRING_H 1
| #define HAVE_MEMORY_H 1
| #define HAVE_STRINGS_H 1
| #define HAVE_INTTYPES_H 1
| #define HAVE_STDINT_H 1
| #define HAVE_UNISTD_H 1
| #define SIZEOF_UNSIGNED_SHORT 2
| #define SIZEOF_UNSIGNED_INT 4
| #define SIZEOF_UNSIGNED_LONG 8
| #define SIZEOF_UNSIGNED_LONG_LONG 8
| #define EGD_SOCKET_NAME ""
| #define HAVE_DLFCN_H 1
| #ifdef __cplusplus
| extern "C" void exit (int) throw ();
| #endif
| /* end confdefs.h.  */
| #include <ac_nonexistent.h>
configure:8631: result: g++ -E
configure:8655: g++ -E  conftest.cc
configure:8661: $? = 0
configure:8693: g++ -E  conftest.cc
conftest.cc:32:28: error: ac_nonexistent.h: No such file or directory
configure:8699: $? = 1
configure: failed program was:
| /* confdefs.h.  */
| 
| #define PACKAGE_NAME "libgcrypt"
| #define PACKAGE_TARNAME "libgcrypt"
| #define PACKAGE_VERSION "1.2.0"
| #define PACKAGE_STRING "libgcrypt 1.2.0"
| #define PACKAGE_BUGREPORT "bug-libgcrypt@gnupg.org"
| #define PACKAGE "libgcrypt"
| #define VERSION "1.2.0"
| #define PACKAGE "libgcrypt"
| #define VERSION "1.2.0"
| #define STDC_HEADERS 1
| #define HAVE_SYS_TYPES_H 1
| #define HAVE_SYS_STAT_H 1
| #define HAVE_STDLIB_H 1
| #define HAVE_STRING_H 1
| #define HAVE_MEMORY_H 1
| #define HAVE_STRINGS_H 1
| #define HAVE_INTTYPES_H 1
| #define HAVE_STDINT_H 1
| #define HAVE_UNISTD_H 1
| #define SIZEOF_UNSIGNED_SHORT 2
| #define SIZEOF_UNSIGNED_INT 4
| #define SIZEOF_UNSIGNED_LONG 8
| #define SIZEOF_UNSIGNED_LONG_LONG 8
| #define EGD_SOCKET_NAME ""
| #define HAVE_DLFCN_H 1
| #ifdef __cplusplus
| extern "C" void exit (int) throw ();
| #endif
| /* end confdefs.h.  */
| #include <ac_nonexistent.h>
configure:8794: checking for g77
configure:8810: found /usr/bin/g77
configure:8820: result: g77
configure:8835: checking for Fortran 77 compiler version
configure:8838: g77 --version </dev/null >&5
GNU Fortran (GCC) 3.4.6 20060404 (Red Hat 3.4.6-19.el6)
Copyright (C) 2006 Free Software Foundation, Inc.

GNU Fortran comes with NO WARRANTY, to the extent permitted by law.
You may redistribute copies of GNU Fortran
under the terms of the GNU General Public License.
For more information about these matters, see the file named COPYING
or type the command `info -f g77 Copying'.
configure:8841: $? = 0
configure:8843: g77 -v </dev/null >&5
Reading specs from /usr/lib/gcc/x86_64-redhat-linux/3.4.6/specs
Configured with: ../configure --prefix=/usr --mandir=/usr/share/man --infodir=/usr/share/info --enable-shared --enable-threads=posix --disable-checking --with-system-zlib --enable-__cxa_atexit --disable-libunwind-exceptions --enable-languages=c,c++,f77 --disable-libgcj --host=x86_64-redhat-linux
Thread model: posix
gcc version 3.4.6 20060404 (Red Hat 3.4.6-19.el6)
configure:8846: $? = 0
configure:8848: g77 -V </dev/null >&5
g77: `-V' option must have argument
configure:8851: $? = 1
configure:8859: checking whether we are using the GNU Fortran 77 compiler
configure:8873: g77 -c  conftest.F >&5
configure:8879: $? = 0
configure:8882: test -z 			 || test ! -s conftest.err
configure:8885: $? = 0
configure:8888: test -s conftest.o
configure:8891: $? = 0
configure:8904: result: yes
configure:8910: checking whether g77 accepts -g
configure:8922: g77 -c -g conftest.f >&5
configure:8928: $? = 0
configure:8931: test -z 			 || test ! -s conftest.err
configure:8934: $? = 0
configure:8937: test -s conftest.o
configure:8940: $? = 0
configure:8952: result: yes
configure:8982: checking the maximum length of command line arguments
configure:9047: result: 32768
configure:9058: checking command to parse /usr/bin/nm -B output from gcc object
configure:9147: gcc -c -g   conftest.c >&5
configure:9150: $? = 0
configure:9154: /usr/bin/nm -B conftest.o \| sed -n -e 's/^.*[ 	]\([ABCDGIRSTW][ABCDGIRSTW]*\)[ 	][ 	]*\(\)\([_A-Za-z][_A-Za-z0-9]*\)$/\1 \2\3 \3/p' \> conftest.nm
configure:9157: $? = 0
configure:9209: gcc -o conftest -g    conftest.c conftstm.o >&5
configure:9212: $? = 0
configure:9250: result: ok
configure:9254: checking for objdir
configure:9269: result: .libs
configure:9359: checking for ar
configure:9375: found /usr/bin/ar
configure:9386: result: ar
configure:9439: checking for ranlib
configure:9455: found /usr/bin/ranlib
configure:9466: result: ranlib
configure:9519: checking for strip
configure:9535: found /usr/bin/strip
configure:9546: result: strip
configure:9808: checking if gcc static flag  works
configure:9831: result: yes
configure:9849: checking if gcc supports -fno-rtti -fno-exceptions
configure:9867: gcc -c -g   -fno-rtti -fno-exceptions conftest.c >&5
cc1: warning: command line option "-fno-rtti" is valid for C++/ObjC++ but not for C
configure:9871: $? = 0
configure:9882: result: no
configure:9897: checking for gcc option to produce PIC
configure:10074: result: -fPIC
configure:10082: checking if gcc PIC flag -fPIC works
configure:10100: gcc -c -g   -fPIC -DPIC conftest.c >&5
configure:10104: $? = 0
configure:10115: result: yes
configure:10139: checking if gcc supports -c -o file.o
configure:10160: gcc -c -g   -o out/conftest2.o conftest.c >&5
configure:10164: $? = 0
configure:10184: result: yes
configure:10210: checking whether the gcc linker (/usr/local/bin/ld -m elf_x86_64 -m elf_x86_64) supports shared libraries
configure:11057: result: yes
configure:11083: checking whether -lc should be explicitly linked in
configure:11088: gcc -c -g   conftest.c >&5
configure:11091: $? = 0
configure:11105: gcc -shared conftest.o  -v -Wl,-soname -Wl,conftest -o conftest 2\>\&1 \| grep  -lc  \>/dev/null 2\>\&1
configure:11108: $? = 0
configure:11120: result: no
configure:11128: checking dynamic linker characteristics
configure:11668: result: GNU/Linux ld.so
configure:11672: checking how to hardcode library paths into programs
configure:11697: result: immediate
configure:11711: checking whether stripping libraries is possible
configure:11716: result: yes
configure:12539: checking if libtool supports shared libraries
configure:12541: result: yes
configure:12544: checking whether to build shared libraries
configure:12602: result: yes
configure:12605: checking whether to build static libraries
configure:12609: result: yes
configure:12701: creating libtool
configure:13248: checking for ld used by g++
configure:13315: result: /usr/local/bin/ld -m elf_x86_64 -m elf_x86_64
configure:13324: checking if the linker (/usr/local/bin/ld -m elf_x86_64 -m elf_x86_64) is GNU ld
configure:13339: result: yes
configure:13390: checking whether the g++ linker (/usr/local/bin/ld -m elf_x86_64 -m elf_x86_64) supports shared libraries
configure:14216: result: yes
configure:14234: g++ -c -g   conftest.cc >&5
configure:14237: $? = 0
configure:14333: checking for g++ option to produce PIC
configure:14585: result: -fPIC
configure:14593: checking if g++ PIC flag -fPIC works
configure:14611: g++ -c -g   -fPIC -DPIC conftest.cc >&5
configure:14615: $? = 0
configure:14626: result: yes
configure:14650: checking if g++ supports -c -o file.o
configure:14671: g++ -c -g   -o out/conftest2.o conftest.cc >&5
configure:14675: $? = 0
configure:14695: result: yes
configure:14721: checking whether the g++ linker (/usr/local/bin/ld -m elf_x86_64 -m elf_x86_64) supports shared libraries
configure:14749: result: yes
configure:14820: checking dynamic linker characteristics
configure:15360: result: GNU/Linux ld.so
configure:15364: checking how to hardcode library paths into programs
configure:15389: result: immediate
configure:15403: checking whether stripping libraries is possible
configure:15408: result: yes
configure:16708: checking if libtool supports shared libraries
configure:16710: result: yes
configure:16713: checking whether to build shared libraries
configure:16731: result: yes
configure:16734: checking whether to build static libraries
configure:16738: result: yes
configure:16750: checking for g77 option to produce PIC
configure:16927: result: -fPIC
configure:16935: checking if g77 PIC flag -fPIC works
configure:16953: g77 -c -g -O2 -fPIC conftest.f >&5
configure:16957: $? = 0
configure:16968: result: yes
configure:16992: checking if g77 supports -c -o file.o
configure:17013: g77 -c -g -O2 -o out/conftest2.o conftest.f >&5
configure:17017: $? = 0
configure:17037: result: yes
configure:17063: checking whether the g77 linker (/usr/local/bin/ld -m elf_x86_64 -m elf_x86_64) supports shared libraries
configure:17890: result: yes
configure:17961: checking dynamic linker characteristics
configure:18501: result: GNU/Linux ld.so
configure:18505: checking how to hardcode library paths into programs
configure:18530: result: immediate
configure:18544: checking whether stripping libraries is possible
configure:18549: result: yes
configure:22694: checking for gpg-error-config
configure:22725: result: /g/g19/liu50/workspace/launchmon-dev/tools/libgpg-error/src/gpg-error-config
configure:22733: checking for GPG Error - version >= 0.5
configure:22761: result: yes
configure:22791: checking for gethostbyname in -lnsl
configure:22821: gcc -o conftest -g    conftest.c -lnsl   >&5
configure:22827: $? = 0
configure:22830: test -z 			 || test ! -s conftest.err
configure:22833: $? = 0
configure:22836: test -s conftest
configure:22839: $? = 0
configure:22852: result: yes
configure:22863: checking for socket in -lsocket
configure:22893: gcc -o conftest -g    conftest.c -lsocket  -lnsl  >&5
/usr/bin/ld: cannot find -lsocket
collect2: ld returned 1 exit status
configure:22899: $? = 1
configure: failed program was:
| /* confdefs.h.  */
| 
| #define PACKAGE_NAME "libgcrypt"
| #define PACKAGE_TARNAME "libgcrypt"
| #define PACKAGE_VERSION "1.2.0"
| #define PACKAGE_STRING "libgcrypt 1.2.0"
| #define PACKAGE_BUGREPORT "bug-libgcrypt@gnupg.org"
| #define PACKAGE "libgcrypt"
| #define VERSION "1.2.0"
| #define PACKAGE "libgcrypt"
| #define VERSION "1.2.0"
| #define STDC_HEADERS 1
| #define HAVE_SYS_TYPES_H 1
| #define HAVE_SYS_STAT_H 1
| #define HAVE_STDLIB_H 1
| #define HAVE_STRING_H 1
| #define HAVE_MEMORY_H 1
| #define HAVE_STRINGS_H 1
| #define HAVE_INTTYPES_H 1
| #define HAVE_STDINT_H 1
| #define HAVE_UNISTD_H 1
| #define SIZEOF_UNSIGNED_SHORT 2
| #define SIZEOF_UNSIGNED_INT 4
| #define SIZEOF_UNSIGNED_LONG 8
| #define SIZEOF_UNSIGNED_LONG_LONG 8
| #define EGD_SOCKET_NAME ""
| #define HAVE_DLFCN_H 1
| #ifdef __cplusplus
| extern "C" void exit (int) throw ();
| #endif
| #define PRINTABLE_OS_NAME "GNU/Linux"
| #define NAME_OF_DEV_RANDOM "/dev/random"
| #define NAME_OF_DEV_URANDOM "/dev/urandom"
| #define GPG_ERR_SOURCE_DEFAULT GPG_ERR_SOURCE_GCRYPT
| #define HAVE_LIBNSL 1
| /* end confdefs.h.  */
| 
| /* Override any gcc2 internal prototype to avoid an error.  */
| #ifdef __cplusplus
| extern "C"
| #endif
| /* We use char because int might match the return type of a gcc2
|    builtin and then its argument prototype would still apply.  */
| char socket ();
| int
| main ()
| {
| socket ();
|   ;
|   return 0;
| }
configure:22924: result: no
configure:22936: checking for gethostbyname in -lnsl
configure:22997: result: yes
configure:23013: checking for ANSI C header files
configure:23168: result: yes
configure:23184: checking for unistd.h
configure:23189: result: yes
configure:23193: checking sys/select.h usability
configure:23205: gcc -c -g   conftest.c >&5
configure:23211: $? = 0
configure:23214: test -z 			 || test ! -s conftest.err
configure:23217: $? = 0
configure:23220: test -s conftest.o
configure:23223: $? = 0
configure:23233: result: yes
configure:23237: checking sys/select.h presence
configure:23247: gcc -E  conftest.c
configure:23253: $? = 0
configure:23273: result: yes
configure:23308: checking for sys/select.h
configure:23315: result: yes
configure:23334: checking for an ANSI C-conforming const
configure:23401: gcc -c -g   conftest.c >&5
configure:23407: $? = 0
configure:23410: test -z 			 || test ! -s conftest.err
configure:23413: $? = 0
configure:23416: test -s conftest.o
configure:23419: $? = 0
configure:23430: result: yes
configure:23440: checking for inline
configure:23461: gcc -c -g   conftest.c >&5
configure:23467: $? = 0
configure:23470: test -z 			 || test ! -s conftest.err
configure:23473: $? = 0
configure:23476: test -s conftest.o
configure:23479: $? = 0
configure:23491: result: inline
configure:23510: checking for size_t
configure:23534: gcc -c -g   conftest.c >&5
configure:23540: $? = 0
configure:23543: test -z 			 || test ! -s conftest.err
configure:23546: $? = 0
configure:23549: test -s conftest.o
configure:23552: $? = 0
configure:23563: result: yes
configure:23575: checking return type of signal handlers
configure:23606: gcc -c -g   conftest.c >&5
configure:23612: $? = 0
configure:23615: test -z 			 || test ! -s conftest.err
configure:23618: $? = 0
configure:23621: test -s conftest.o
configure:23624: $? = 0
configure:23635: result: void
configure:23643: checking whether sys_siglist is declared
configure:23673: gcc -c -g   conftest.c >&5
configure:23679: $? = 0
configure:23682: test -z 			 || test ! -s conftest.err
configure:23685: $? = 0
configure:23688: test -s conftest.o
configure:23691: $? = 0
configure:23702: result: yes
configure:23722: checking for byte typedef
configure:23748: gcc -c -g   conftest.c >&5
conftest.c: In function 'main':
conftest.c:50: error: 'byte' undeclared (first use in this function)
conftest.c:50: error: (Each undeclared identifier is reported only once
conftest.c:50: error: for each function it appears in.)
configure:23754: $? = 1
configure: failed program was:
| /* confdefs.h.  */
| 
| #define PACKAGE_NAME "libgcrypt"
| #define PACKAGE_TARNAME "libgcrypt"
| #define PACKAGE_VERSION "1.2.0"
| #define PACKAGE_STRING "libgcrypt 1.2.0"
| #define PACKAGE_BUGREPORT "bug-libgcrypt@gnupg.org"
| #define PACKAGE "libgcrypt"
| #define VERSION "1.2.0"
| #define PACKAGE "libgcrypt"
| #define VERSION "1.2.0"
| #define STDC_HEADERS 1
| #define HAVE_SYS_TYPES_H 1
| #define HAVE_SYS_STAT_H 1
| #define HAVE_STDLIB_H 1
| #define HAVE_STRING_H 1
| #define HAVE_MEMORY_H 1
| #define HAVE_STRINGS_H 1
| #define HAVE_INTTYPES_H 1
| #define HAVE_STDINT_H 1
| #define HAVE_UNISTD_H 1
| #define SIZEOF_UNSIGNED_SHORT 2
| #define SIZEOF_UNSIGNED_INT 4
| #define SIZEOF_UNSIGNED_LONG 8
| #define SIZEOF_UNSIGNED_LONG_LONG 8
| #define EGD_SOCKET_NAME ""
| #define HAVE_DLFCN_H 1
| #ifdef __cplusplus
| extern "C" void exit (int) throw ();
| #endif
| #define PRINTABLE_OS_NAME "GNU/Linux"
| #define NAME_OF_DEV_RANDOM "/dev/random"
| #define NAME_OF_DEV_URANDOM "/dev/urandom"
| #define GPG_ERR_SOURCE_DEFAULT GPG_ERR_SOURCE_GCRYPT
| #define HAVE_LIBNSL 1
| #define STDC_HEADERS 1
| #define HAVE_UNISTD_H 1
| #define HAVE_SYS_SELECT_H 1
| #define RETSIGTYPE void
| #define HAVE_DECL_SYS_SIGLIST 1
| /* end confdefs.h.  */
| #define _GNU_SOURCE 1
|     #include <stdlib.h>
|     #include <sys/types.h>
| int
| main ()
| {
| 
|     #undef byte
|     int a = sizeof(byte);
| 
|   ;
|   return 0;
| }
configure:23778: result: no
configure:23788: checking for ushort typedef
configure:23814: gcc -c -g   conftest.c >&5
configure:23820: $? = 0
configure:23823: test -z 			 || test ! -s conftest.err
configure:23826: $? = 0
configure:23829: test -s conftest.o
configure:23832: $? = 0
configure:23844: result: yes
configure:23854: checking for ulong typedef
configure:23880: gcc -c -g   conftest.c >&5
configure:23886: $? = 0
configure:23889: test -z 			 || test ! -s conftest.err
configure:23892: $? = 0
configure:23895: test -s conftest.o
configure:23898: $? = 0
configure:23910: result: yes
configure:23920: checking for u16 typedef
configure:23946: gcc -c -g   conftest.c >&5
conftest.c: In function 'main':
conftest.c:52: error: 'u16' undeclared (first use in this function)
conftest.c:52: error: (Each undeclared identifier is reported only once
conftest.c:52: error: for each function it appears in.)
configure:23952: $? = 1
configure: failed program was:
| /* confdefs.h.  */
| 
| #define PACKAGE_NAME "libgcrypt"
| #define PACKAGE_TARNAME "libgcrypt"
| #define PACKAGE_VERSION "1.2.0"
| #define PACKAGE_STRING "libgcrypt 1.2.0"
| #define PACKAGE_BUGREPORT "bug-libgcrypt@gnupg.org"
| #define PACKAGE "libgcrypt"
| #define VERSION "1.2.0"
| #define PACKAGE "libgcrypt"
| #define VERSION "1.2.0"
| #define STDC_HEADERS 1
| #define HAVE_SYS_TYPES_H 1
| #define HAVE_SYS_STAT_H 1
| #define HAVE_STDLIB_H 1
| #define HAVE_STRING_H 1
| #define HAVE_MEMORY_H 1
| #define HAVE_STRINGS_H 1
| #define HAVE_INTTYPES_H 1
| #define HAVE_STDINT_H 1
| #define HAVE_UNISTD_H 1
| #define SIZEOF_UNSIGNED_SHORT 2
| #define SIZEOF_UNSIGNED_INT 4
| #define SIZEOF_UNSIGNED_LONG 8
| #define SIZEOF_UNSIGNED_LONG_LONG 8
| #define EGD_SOCKET_NAME ""
| #define HAVE_DLFCN_H 1
| #ifdef __cplusplus
| extern "C" void exit (int) throw ();
| #endif
| #define PRINTABLE_OS_NAME "GNU/Linux"
| #define NAME_OF_DEV_RANDOM "/dev/random"
| #define NAME_OF_DEV_URANDOM "/dev/urandom"
| #define GPG_ERR_SOURCE_DEFAULT GPG_ERR_SOURCE_GCRYPT
| #define HAVE_LIBNSL 1
| #define STDC_HEADERS 1
| #define HAVE_UNISTD_H 1
| #define HAVE_SYS_SELECT_H 1
| #define RETSIGTYPE void
| #define HAVE_DECL_SYS_SIGLIST 1
| #define HAVE_USHORT_TYPEDEF 1
| #define HAVE_ULONG_TYPEDEF 1
| /* end confdefs.h.  */
| #define _GNU_SOURCE 1
|     #include <stdlib.h>
|     #include <sys/types.h>
| int
| main ()
| {
| 
|     #undef u16
|     int a = sizeof(u16);
| 
|   ;
|   return 0;
| }
configure:23976: result: no
configure:23986: checking for u32 typedef
configure:24012: gcc -c -g   conftest.c >&5
conftest.c: In function 'main':
conftest.c:52: error: 'u32' undeclared (first use in this function)
conftest.c:52: error: (Each undeclared identifier is reported only once
conftest.c:52: error: for each function it appears in.)
configure:24018: $? = 1
configure: failed program was:
| /* confdefs.h.  */
| 
| #define PACKAGE_NAME "libgcrypt"
| #define PACKAGE_TARNAME "libgcrypt"
| #define PACKAGE_VERSION "1.2.0"
| #define PACKAGE_STRING "libgcrypt 1.2.0"
| #define PACKAGE_BUGREPORT "bug-libgcrypt@gnupg.org"
| #define PACKAGE "libgcrypt"
| #define VERSION "1.2.0"
| #define PACKAGE "libgcrypt"
| #define VERSION "1.2.0"
| #define STDC_HEADERS 1
| #define HAVE_SYS_TYPES_H 1
| #define HAVE_SYS_STAT_H 1
| #define HAVE_STDLIB_H 1
| #define HAVE_STRING_H 1
| #define HAVE_MEMORY_H 1
| #define HAVE_STRINGS_H 1
| #define HAVE_INTTYPES_H 1
| #define HAVE_STDINT_H 1
| #define HAVE_UNISTD_H 1
| #define SIZEOF_UNSIGNED_SHORT 2
| #define SIZEOF_UNSIGNED_INT 4
| #define SIZEOF_UNSIGNED_LONG 8
| #define SIZEOF_UNSIGNED_LONG_LONG 8
| #define EGD_SOCKET_NAME ""
| #define HAVE_DLFCN_H 1
| #ifdef __cplusplus
| extern "C" void exit (int) throw ();
| #endif
| #define PRINTABLE_OS_NAME "GNU/Linux"
| #define NAME_OF_DEV_RANDOM "/dev/random"
| #define NAME_OF_DEV_URANDOM "/dev/urandom"
| #define GPG_ERR_SOURCE_DEFAULT GPG_ERR_SOURCE_GCRYPT
| #define HAVE_LIBNSL 1
| #define STDC_HEADERS 1
| #define HAVE_UNISTD_H 1
| #define HAVE_SYS_SELECT_H 1
| #define RETSIGTYPE void
| #define HAVE_DECL_SYS_SIGLIST 1
| #define HAVE_USHORT_TYPEDEF 1
| #define HAVE_ULONG_TYPEDEF 1
| /* end confdefs.h.  */
| #define _GNU_SOURCE 1
|     #include <stdlib.h>
|     #include <sys/types.h>
| int
| main ()
| {
| 
|     #undef u32
|     int a = sizeof(u32);
| 
|   ;
|   return 0;
| }
configure:24042: result: no
configure:24053: checking for socklen_t
configure:24081: gcc -c -g   conftest.c >&5
configure:24087: $? = 0
configure:24090: test -z 			 || test ! -s conftest.err
configure:24093: $? = 0
configure:24096: test -s conftest.o
configure:24099: $? = 0
configure:24110: result: yes
configure:24131: checking for vprintf
configure:24188: gcc -o conftest -g    conftest.c -lnsl  -lnsl >&5
conftest.c:68: warning: conflicting types for built-in function 'vprintf'
configure:24194: $? = 0
configure:24197: test -z 			 || test ! -s conftest.err
configure:24200: $? = 0
configure:24203: test -s conftest
configure:24206: $? = 0
configure:24218: result: yes
configure:24225: checking for _doprnt
configure:24282: gcc -o conftest -g    conftest.c -lnsl  -lnsl >&5
/var/tmp/liu50/cc8mdEeS.o: In function `main':
/g/g19/liu50/workspace/launchmon-dev/tools/libgcrypt/conftest.c:85: undefined reference to `_doprnt'
/var/tmp/liu50/cc8mdEeS.o:(.data+0x0): undefined reference to `_doprnt'
collect2: ld returned 1 exit status
configure:24288: $? = 1
configure: failed program was:
| /* confdefs.h.  */
| 
| #define PACKAGE_NAME "libgcrypt"
| #define PACKAGE_TARNAME "libgcrypt"
| #define PACKAGE_VERSION "1.2.0"
| #define PACKAGE_STRING "libgcrypt 1.2.0"
| #define PACKAGE_BUGREPORT "bug-libgcrypt@gnupg.org"
| #define PACKAGE "libgcrypt"
| #define VERSION "1.2.0"
| #define PACKAGE "libgcrypt"
| #define VERSION "1.2.0"
| #define STDC_HEADERS 1
| #define HAVE_SYS_TYPES_H 1
| #define HAVE_SYS_STAT_H 1
| #define HAVE_STDLIB_H 1
| #define HAVE_STRING_H 1
| #define HAVE_MEMORY_H 1
| #define HAVE_STRINGS_H 1
| #define HAVE_INTTYPES_H 1
| #define HAVE_STDINT_H 1
| #define HAVE_UNISTD_H 1
| #define SIZEOF_UNSIGNED_SHORT 2
| #define SIZEOF_UNSIGNED_INT 4
| #define SIZEOF_UNSIGNED_LONG 8
| #define SIZEOF_UNSIGNED_LONG_LONG 8
| #define EGD_SOCKET_NAME ""
| #define HAVE_DLFCN_H 1
| #ifdef __cplusplus
| extern "C" void exit (int) throw ();
| #endif
| #define PRINTABLE_OS_NAME "GNU/Linux"
| #define NAME_OF_DEV_RANDOM "/dev/random"
| #define NAME_OF_DEV_URANDOM "/dev/urandom"
| #define GPG_ERR_SOURCE_DEFAULT GPG_ERR_SOURCE_GCRYPT
| #define HAVE_LIBNSL 1
| #define STDC_HEADERS 1
| #define HAVE_UNISTD_H 1
| #define HAVE_SYS_SELECT_H 1
| #define RETSIGTYPE void
| #define HAVE_DECL_SYS_SIGLIST 1
| #define HAVE_USHORT_TYPEDEF 1
| #define HAVE_ULONG_TYPEDEF 1
| #define HAVE_VPRINTF 1
| /* end confdefs.h.  */
| /* Define _doprnt to an innocuous variant, in case <limits.h> declares _doprnt.
|    For example, HP-UX 11i <limits.h> declares gettimeofday.  */
| #define _doprnt innocuous__doprnt
| 
| /* System header to define __stub macros and hopefully few prototypes,
|     which can conflict with char _doprnt (); below.
|     Prefer <limits.h> to <assert.h> if __STDC__ is defined, since
|     <limits.h> exists even on freestanding compilers.  */
| 
| #ifdef __STDC__
| # include <limits.h>
| #else
| # include <assert.h>
| #endif
| 
| #undef _doprnt
| 
| /* Override any gcc2 internal prototype to avoid an error.  */
| #ifdef __cplusplus
| extern "C"
| {
| #endif
| /* We use char because int might match the return type of a gcc2
|    builtin and then its argument prototype would still apply.  */
| char _doprnt ();
| /* The GNU C library defines this for functions which it implements
|     to always fail with ENOSYS.  Some functions are actually named
|     something starting with __ and the normal name is an alias.  */
| #if defined (__stub__doprnt) || defined (__stub____doprnt)
| choke me
| #else
| char (*f) () = _doprnt;
| #endif
| #ifdef __cplusplus
| }
| #endif
| 
| int
| main ()
| {
| return f != _doprnt;
|   ;
|   return 0;
| }
configure:24312: result: no
configure:24332: checking for stpcpy
configure:24389: gcc -o conftest -g    conftest.c -lnsl  -lnsl >&5
conftest.c:69: warning: conflicting types for built-in function 'stpcpy'
configure:24395: $? = 0
configure:24398: test -z 			 || test ! -s conftest.err
configure:24401: $? = 0
configure:24404: test -s conftest
configure:24407: $? = 0
configure:24419: result: yes
configure:24332: checking for strcasecmp
configure:24389: gcc -o conftest -g    conftest.c -lnsl  -lnsl >&5
conftest.c:70: warning: conflicting types for built-in function 'strcasecmp'
configure:24395: $? = 0
configure:24398: test -z 			 || test ! -s conftest.err
configure:24401: $? = 0
configure:24404: test -s conftest
configure:24407: $? = 0
configure:24419: result: yes
configure:24438: checking for strtoul
configure:24495: gcc -o conftest -g    conftest.c -lnsl  -lnsl >&5
configure:24501: $? = 0
configure:24504: test -z 			 || test ! -s conftest.err
configure:24507: $? = 0
configure:24510: test -s conftest
configure:24513: $? = 0
configure:24525: result: yes
configure:24438: checking for memmove
configure:24495: gcc -o conftest -g    conftest.c -lnsl  -lnsl >&5
conftest.c:72: warning: conflicting types for built-in function 'memmove'
configure:24501: $? = 0
configure:24504: test -z 			 || test ! -s conftest.err
configure:24507: $? = 0
configure:24510: test -s conftest
configure:24513: $? = 0
configure:24525: result: yes
configure:24438: checking for stricmp
configure:24495: gcc -o conftest -g    conftest.c -lnsl  -lnsl >&5
/var/tmp/liu50/ccX9xhND.o: In function `main':
/g/g19/liu50/workspace/launchmon-dev/tools/libgcrypt/conftest.c:89: undefined reference to `stricmp'
/var/tmp/liu50/ccX9xhND.o:(.data+0x0): undefined reference to `stricmp'
collect2: ld returned 1 exit status
configure:24501: $? = 1
configure: failed program was:
| /* confdefs.h.  */
| 
| #define PACKAGE_NAME "libgcrypt"
| #define PACKAGE_TARNAME "libgcrypt"
| #define PACKAGE_VERSION "1.2.0"
| #define PACKAGE_STRING "libgcrypt 1.2.0"
| #define PACKAGE_BUGREPORT "bug-libgcrypt@gnupg.org"
| #define PACKAGE "libgcrypt"
| #define VERSION "1.2.0"
| #define PACKAGE "libgcrypt"
| #define VERSION "1.2.0"
| #define STDC_HEADERS 1
| #define HAVE_SYS_TYPES_H 1
| #define HAVE_SYS_STAT_H 1
| #define HAVE_STDLIB_H 1
| #define HAVE_STRING_H 1
| #define HAVE_MEMORY_H 1
| #define HAVE_STRINGS_H 1
| #define HAVE_INTTYPES_H 1
| #define HAVE_STDINT_H 1
| #define HAVE_UNISTD_H 1
| #define SIZEOF_UNSIGNED_SHORT 2
| #define SIZEOF_UNSIGNED_INT 4
| #define SIZEOF_UNSIGNED_LONG 8
| #define SIZEOF_UNSIGNED_LONG_LONG 8
| #define EGD_SOCKET_NAME ""
| #define HAVE_DLFCN_H 1
| #ifdef __cplusplus
| extern "C" void exit (int) throw ();
| #endif
| #define PRINTABLE_OS_NAME "GNU/Linux"
| #define NAME_OF_DEV_RANDOM "/dev/random"
| #define NAME_OF_DEV_URANDOM "/dev/urandom"
| #define GPG_ERR_SOURCE_DEFAULT GPG_ERR_SOURCE_GCRYPT
| #define HAVE_LIBNSL 1
| #define STDC_HEADERS 1
| #define HAVE_UNISTD_H 1
| #define HAVE_SYS_SELECT_H 1
| #define RETSIGTYPE void
| #define HAVE_DECL_SYS_SIGLIST 1
| #define HAVE_USHORT_TYPEDEF 1
| #define HAVE_ULONG_TYPEDEF 1
| #define HAVE_VPRINTF 1
| #define HAVE_STPCPY 1
| #define HAVE_STRCASECMP 1
| #define HAVE_STRTOUL 1
| #define HAVE_MEMMOVE 1
| /* end confdefs.h.  */
| /* Define stricmp to an innocuous variant, in case <limits.h> declares stricmp.
|    For example, HP-UX 11i <limits.h> declares gettimeofday.  */
| #define stricmp innocuous_stricmp
| 
| /* System header to define __stub macros and hopefully few prototypes,
|     which can conflict with char stricmp (); below.
|     Prefer <limits.h> to <assert.h> if __STDC__ is defined, since
|     <limits.h> exists even on freestanding compilers.  */
| 
| #ifdef __STDC__
| # include <limits.h>
| #else
| # include <assert.h>
| #endif
| 
| #undef stricmp
| 
| /* Override any gcc2 internal prototype to avoid an error.  */
| #ifdef __cplusplus
| extern "C"
| {
| #endif
| /* We use char because int might match the return type of a gcc2
|    builtin and then its argument prototype would still apply.  */
| char stricmp ();
| /* The GNU C library defines this for functions which it implements
|     to always fail with ENOSYS.  Some functions are actually named
|     something starting with __ and the normal name is an alias.  */
| #if defined (__stub_stricmp) || defined (__stub___stricmp)
| choke me
| #else
| char (*f) () = stricmp;
| #endif
| #ifdef __cplusplus
| }
| #endif
| 
| int
| main ()
| {
| return f != stricmp;
|   ;
|   return 0;
| }
configure:24525: result: no
configure:24438: checking for atexit
configure:24495: gcc -o conftest -g    conftest.c -lnsl  -lnsl >&5
configure:24501: $? = 0
configure:24504: test -z 			 || test ! -s conftest.err
configure:24507: $? = 0
configure:24510: test -s conftest
configure:24513: $? = 0
configure:24525: result: yes
configure:24438: checking for raise
configure:24495: gcc -o conftest -g    conftest.c -lnsl  -lnsl >&5
configure:24501: $? = 0
configure:24504: test -z 			 || test ! -s conftest.err
configure:24507: $? = 0
configure:24510: test -s conftest
configure:24513: $? = 0
configure:24525: result: yes
configure:24545: checking for strerror
configure:24602: gcc -o conftest -g    conftest.c -lnsl  -lnsl >&5
configure:24608: $? = 0
configure:24611: test -z 			 || test ! -s conftest.err
configure:24614: $? = 0
configure:24617: test -s conftest
configure:24620: $? = 0
configure:24632: result: yes
configure:24545: checking for rand
configure:24602: gcc -o conftest -g    conftest.c -lnsl  -lnsl >&5
configure:24608: $? = 0
configure:24611: test -z 			 || test ! -s conftest.err
configure:24614: $? = 0
configure:24617: test -s conftest
configure:24620: $? = 0
configure:24632: result: yes
configure:24545: checking for mmap
configure:24602: gcc -o conftest -g    conftest.c -lnsl  -lnsl >&5
configure:24608: $? = 0
configure:24611: test -z 			 || test ! -s conftest.err
configure:24614: $? = 0
configure:24617: test -s conftest
configure:24620: $? = 0
configure:24632: result: yes
configure:24545: checking for getpagesize
configure:24602: gcc -o conftest -g    conftest.c -lnsl  -lnsl >&5
configure:24608: $? = 0
configure:24611: test -z 			 || test ! -s conftest.err
configure:24614: $? = 0
configure:24617: test -s conftest
configure:24620: $? = 0
configure:24632: result: yes
configure:24545: checking for waitpid
configure:24602: gcc -o conftest -g    conftest.c -lnsl  -lnsl >&5
configure:24608: $? = 0
configure:24611: test -z 			 || test ! -s conftest.err
configure:24614: $? = 0
configure:24617: test -s conftest
configure:24620: $? = 0
configure:24632: result: yes
configure:24545: checking for wait4
configure:24602: gcc -o conftest -g    conftest.c -lnsl  -lnsl >&5
configure:24608: $? = 0
configure:24611: test -z 			 || test ! -s conftest.err
configure:24614: $? = 0
configure:24617: test -s conftest
configure:24620: $? = 0
configure:24632: result: yes
configure:24649: checking for gettimeofday
configure:24706: gcc -o conftest -g    conftest.c -lnsl  -lnsl >&5
configure:24712: $? = 0
configure:24715: test -z 			 || test ! -s conftest.err
configure:24718: $? = 0
configure:24721: test -s conftest
configure:24724: $? = 0
configure:24736: result: yes
configure:24649: checking for getrusage
configure:24706: gcc -o conftest -g    conftest.c -lnsl  -lnsl >&5
configure:24712: $? = 0
configure:24715: test -z 			 || test ! -s conftest.err
configure:24718: $? = 0
configure:24721: test -s conftest
configure:24724: $? = 0
configure:24736: result: yes
configure:24649: checking for gethrtime
configure:24706: gcc -o conftest -g    conftest.c -lnsl  -lnsl >&5
/var/tmp/liu50/ccVqmtv7.o: In function `main':
/g/g19/liu50/workspace/launchmon-dev/tools/libgcrypt/conftest.c:99: undefined reference to `gethrtime'
/var/tmp/liu50/ccVqmtv7.o:(.data+0x0): undefined reference to `gethrtime'
collect2: ld returned 1 exit status
configure:24712: $? = 1
configure: failed program was:
| /* confdefs.h.  */
| 
| #define PACKAGE_NAME "libgcrypt"
| #define PACKAGE_TARNAME "libgcrypt"
| #define PACKAGE_VERSION "1.2.0"
| #define PACKAGE_STRING "libgcrypt 1.2.0"
| #define PACKAGE_BUGREPORT "bug-libgcrypt@gnupg.org"
| #define PACKAGE "libgcrypt"
| #define VERSION "1.2.0"
| #define PACKAGE "libgcrypt"
| #define VERSION "1.2.0"
| #define STDC_HEADERS 1
| #define HAVE_SYS_TYPES_H 1
| #define HAVE_SYS_STAT_H 1
| #define HAVE_STDLIB_H 1
| #define HAVE_STRING_H 1
| #define HAVE_MEMORY_H 1
| #define HAVE_STRINGS_H 1
| #define HAVE_INTTYPES_H 1
| #define HAVE_STDINT_H 1
| #define HAVE_UNISTD_H 1
| #define SIZEOF_UNSIGNED_SHORT 2
| #define SIZEOF_UNSIGNED_INT 4
| #define SIZEOF_UNSIGNED_LONG 8
| #define SIZEOF_UNSIGNED_LONG_LONG 8
| #define EGD_SOCKET_NAME ""
| #define HAVE_DLFCN_H 1
| #ifdef __cplusplus
| extern "C" void exit (int) throw ();
| #endif
| #define PRINTABLE_OS_NAME "GNU/Linux"
| #define NAME_OF_DEV_RANDOM "/dev/random"
| #define NAME_OF_DEV_URANDOM "/dev/urandom"
| #define GPG_ERR_SOURCE_DEFAULT GPG_ERR_SOURCE_GCRYPT
| #define HAVE_LIBNSL 1
| #define STDC_HEADERS 1
| #define HAVE_UNISTD_H 1
| #define HAVE_SYS_SELECT_H 1
| #define RETSIGTYPE void
| #define HAVE_DECL_SYS_SIGLIST 1
| #define HAVE_USHORT_TYPEDEF 1
| #define HAVE_ULONG_TYPEDEF 1
| #define HAVE_VPRINTF 1
| #define HAVE_STPCPY 1
| #define HAVE_STRCASECMP 1
| #define HAVE_STRTOUL 1
| #define HAVE_MEMMOVE 1
| #define HAVE_ATEXIT 1
| #define HAVE_RAISE 1
| #define HAVE_STRERROR 1
| #define HAVE_RAND 1
| #define HAVE_MMAP 1
| #define HAVE_GETPAGESIZE 1
| #define HAVE_WAITPID 1
| #define HAVE_WAIT4 1
| #define HAVE_GETTIMEOFDAY 1
| #define HAVE_GETRUSAGE 1
| /* end confdefs.h.  */
| /* Define gethrtime to an innocuous variant, in case <limits.h> declares gethrtime.
|    For example, HP-UX 11i <limits.h> declares gettimeofday.  */
| #define gethrtime innocuous_gethrtime
| 
| /* System header to define __stub macros and hopefully few prototypes,
|     which can conflict with char gethrtime (); below.
|     Prefer <limits.h> to <assert.h> if __STDC__ is defined, since
|     <limits.h> exists even on freestanding compilers.  */
| 
| #ifdef __STDC__
| # include <limits.h>
| #else
| # include <assert.h>
| #endif
| 
| #undef gethrtime
| 
| /* Override any gcc2 internal prototype to avoid an error.  */
| #ifdef __cplusplus
| extern "C"
| {
| #endif
| /* We use char because int might match the return type of a gcc2
|    builtin and then its argument prototype would still apply.  */
| char gethrtime ();
| /* The GNU C library defines this for functions which it implements
|     to always fail with ENOSYS.  Some functions are actually named
|     something starting with __ and the normal name is an alias.  */
| #if defined (__stub_gethrtime) || defined (__stub___gethrtime)
| choke me
| #else
| char (*f) () = gethrtime;
| #endif
| #ifdef __cplusplus
| }
| #endif
| 
| int
| main ()
| {
| return f != gethrtime;
|   ;
|   return 0;
| }
configure:24736: result: no
configure:24649: checking for clock_gettime
configure:24706: gcc -o conftest -g    conftest.c -lnsl  -lnsl >&5
/var/tmp/liu50/cczLXCdj.o: In function `main':
/g/g19/liu50/workspace/launchmon-dev/tools/libgcrypt/conftest.c:99: undefined reference to `clock_gettime'
/var/tmp/liu50/cczLXCdj.o:(.data+0x0): undefined reference to `clock_gettime'
collect2: ld returned 1 exit status
configure:24712: $? = 1
configure: failed program was:
| /* confdefs.h.  */
| 
| #define PACKAGE_NAME "libgcrypt"
| #define PACKAGE_TARNAME "libgcrypt"
| #define PACKAGE_VERSION "1.2.0"
| #define PACKAGE_STRING "libgcrypt 1.2.0"
| #define PACKAGE_BUGREPORT "bug-libgcrypt@gnupg.org"
| #define PACKAGE "libgcrypt"
| #define VERSION "1.2.0"
| #define PACKAGE "libgcrypt"
| #define VERSION "1.2.0"
| #define STDC_HEADERS 1
| #define HAVE_SYS_TYPES_H 1
| #define HAVE_SYS_STAT_H 1
| #define HAVE_STDLIB_H 1
| #define HAVE_STRING_H 1
| #define HAVE_MEMORY_H 1
| #define HAVE_STRINGS_H 1
| #define HAVE_INTTYPES_H 1
| #define HAVE_STDINT_H 1
| #define HAVE_UNISTD_H 1
| #define SIZEOF_UNSIGNED_SHORT 2
| #define SIZEOF_UNSIGNED_INT 4
| #define SIZEOF_UNSIGNED_LONG 8
| #define SIZEOF_UNSIGNED_LONG_LONG 8
| #define EGD_SOCKET_NAME ""
| #define HAVE_DLFCN_H 1
| #ifdef __cplusplus
| extern "C" void exit (int) throw ();
| #endif
| #define PRINTABLE_OS_NAME "GNU/Linux"
| #define NAME_OF_DEV_RANDOM "/dev/random"
| #define NAME_OF_DEV_URANDOM "/dev/urandom"
| #define GPG_ERR_SOURCE_DEFAULT GPG_ERR_SOURCE_GCRYPT
| #define HAVE_LIBNSL 1
| #define STDC_HEADERS 1
| #define HAVE_UNISTD_H 1
| #define HAVE_SYS_SELECT_H 1
| #define RETSIGTYPE void
| #define HAVE_DECL_SYS_SIGLIST 1
| #define HAVE_USHORT_TYPEDEF 1
| #define HAVE_ULONG_TYPEDEF 1
| #define HAVE_VPRINTF 1
| #define HAVE_STPCPY 1
| #define HAVE_STRCASECMP 1
| #define HAVE_STRTOUL 1
| #define HAVE_MEMMOVE 1
| #define HAVE_ATEXIT 1
| #define HAVE_RAISE 1
| #define HAVE_STRERROR 1
| #define HAVE_RAND 1
| #define HAVE_MMAP 1
| #define HAVE_GETPAGESIZE 1
| #define HAVE_WAITPID 1
| #define HAVE_WAIT4 1
| #define HAVE_GETTIMEOFDAY 1
| #define HAVE_GETRUSAGE 1
| /* end confdefs.h.  */
| /* Define clock_gettime to an innocuous variant, in case <limits.h> declares clock_gettime.
|    For example, HP-UX 11i <limits.h> declares gettimeofday.  */
| #define clock_gettime innocuous_clock_gettime
| 
| /* System header to define __stub macros and hopefully few prototypes,
|     which can conflict with char clock_gettime (); below.
|     Prefer <limits.h> to <assert.h> if __STDC__ is defined, since
|     <limits.h> exists even on freestanding compilers.  */
| 
| #ifdef __STDC__
| # include <limits.h>
| #else
| # include <assert.h>
| #endif
| 
| #undef clock_gettime
| 
| /* Override any gcc2 internal prototype to avoid an error.  */
| #ifdef __cplusplus
| extern "C"
| {
| #endif
| /* We use char because int might match the return type of a gcc2
|    builtin and then its argument prototype would still apply.  */
| char clock_gettime ();
| /* The GNU C library defines this for functions which it implements
|     to always fail with ENOSYS.  Some functions are actually named
|     something starting with __ and the normal name is an alias.  */
| #if defined (__stub_clock_gettime) || defined (__stub___clock_gettime)
| choke me
| #else
| char (*f) () = clock_gettime;
| #endif
| #ifdef __cplusplus
| }
| #endif
| 
| int
| main ()
| {
| return f != clock_gettime;
|   ;
|   return 0;
| }
configure:24736: result: no
configure:24751: checking for mlock
configure:24808: gcc -o conftest -g    conftest.c -lnsl  -lnsl >&5
configure:24814: $? = 0
configure:24817: test -z 			 || test ! -s conftest.err
configure:24820: $? = 0
configure:24823: test -s conftest
configure:24826: $? = 0
configure:24838: result: yes
configure:25154: checking whether mlock is broken
configure:25198: gcc -o conftest -g    conftest.c -lnsl  -lnsl >&5
configure:25201: $? = 0
configure:25203: ./conftest
configure:25206: $? = 0
configure:25232: result: no
configure:25498: checking for random device
configure:25506: result: yes
configure:25568: checking for _ prefix in compiled symbols
configure:25578: gcc -c -g   conftest.c >&5
conftest.c: In function 'main':
conftest.c:2: error: expected declaration or statement at end of input
configure:25581: $? = 1
configure: failed program was:
      void nm_test_func(){}
      int main(){nm_test_func;return 0;
configure:25615: result: no
configure:25625: checking for mpi assembler functions
configure:25634: result: done
configure:26322: creating ./config.status

## ---------------------- ##
## Running config.status. ##
## ---------------------- ##

This file was extended by libgcrypt config.status 1.2.0, which was
generated by GNU Autoconf 2.59.  Invocation command line was

  CONFIG_FILES    = 
  CONFIG_HEADERS  = 
  CONFIG_LINKS    = 
  CONFIG_COMMANDS = 
  $ ./config.status 

on cab670

config.status:804: creating Makefile
config.status:804: creating mpi/Makefile
config.status:804: creating cipher/Makefile
config.status:804: creating doc/Makefile
config.status:804: creating src/Makefile
config.status:804: creating src/libgcrypt-config
config.status:804: creating tests/Makefile
config.status:804: creating w32-dll/Makefile
config.status:870: creating config.h
config.status:1132: config.h is unchanged
config.status:1211: linking ./mpi/generic/mpih-add1.c to mpi/mpih-add1.c
config.status:1211: linking ./mpi/generic/mpih-sub1.c to mpi/mpih-sub1.c
config.status:1211: linking ./mpi/generic/mpih-mul1.c to mpi/mpih-mul1.c
config.status:1211: linking ./mpi/generic/mpih-mul2.c to mpi/mpih-mul2.c
config.status:1211: linking ./mpi/generic/mpih-mul3.c to mpi/mpih-mul3.c
config.status:1211: linking ./mpi/generic/mpih-lshift.c to mpi/mpih-lshift.c
config.status:1211: linking ./mpi/generic/mpih-rshift.c to mpi/mpih-rshift.c
config.status:1211: linking ./mpi/generic/mpi-asm-defs.h to mpi/mpi-asm-defs.h
config.status:1448: executing depfiles commands
config.status:1448: executing gcrypt-conf commands

## ---------------- ##
## Cache variables. ##
## ---------------- ##

ac_cv_build=x86_64-unknown-linux-gnu
ac_cv_build_alias=x86_64-unknown-linux-gnu
ac_cv_c_bigendian=no
ac_cv_c_compiler_gnu=yes
ac_cv_c_const=yes
ac_cv_c_inline=inline
ac_cv_cxx_compiler_gnu=yes
ac_cv_env_CC_set=
ac_cv_env_CC_value=
ac_cv_env_CFLAGS_set=set
ac_cv_env_CFLAGS_value='-g '
ac_cv_env_CPPFLAGS_set=
ac_cv_env_CPPFLAGS_value=
ac_cv_env_CPP_set=
ac_cv_env_CPP_value=
ac_cv_env_CXXCPP_set=
ac_cv_env_CXXCPP_value=
ac_cv_env_CXXFLAGS_set=set
ac_cv_env_CXXFLAGS_value='-g '
ac_cv_env_CXX_set=
ac_cv_env_CXX_value=
ac_cv_env_F77_set=
ac_cv_env_F77_value=
ac_cv_env_FFLAGS_set=
ac_cv_env_FFLAGS_value=
ac_cv_env_LDFLAGS_set=
ac_cv_env_LDFLAGS_value=
ac_cv_env_build_alias_set=
ac_cv_env_build_alias_value=
ac_cv_env_host_alias_set=
ac_cv_env_host_alias_value=
ac_cv_env_target_alias_set=
ac_cv_env_target_alias_value=
ac_cv_exeext=
ac_cv_f77_compiler_gnu=yes
ac_cv_func__doprnt=no
ac_cv_func_atexit=yes
ac_cv_func_clock_gettime=no
ac_cv_func_gethrtime=no
ac_cv_func_getpagesize=yes
ac_cv_func_getrusage=yes
ac_cv_func_gettimeofday=yes
ac_cv_func_memmove=yes
ac_cv_func_mlock=yes
ac_cv_func_mmap=yes
ac_cv_func_raise=yes
ac_cv_func_rand=yes
ac_cv_func_stpcpy=yes
ac_cv_func_strcasecmp=yes
ac_cv_func_strerror=yes
ac_cv_func_stricmp=no
ac_cv_func_strtoul=yes
ac_cv_func_vprintf=yes
ac_cv_func_wait4=yes
ac_cv_func_waitpid=yes
ac_cv_have_decl_sys_siglist=yes
ac_cv_have_dev_random=yes
ac_cv_header_dlfcn_h=yes
ac_cv_header_inttypes_h=yes
ac_cv_header_memory_h=yes
ac_cv_header_stdc=yes
ac_cv_header_stdint_h=yes
ac_cv_header_stdlib_h=yes
ac_cv_header_string_h=yes
ac_cv_header_strings_h=yes
ac_cv_header_sys_select_h=yes
ac_cv_header_sys_stat_h=yes
ac_cv_header_sys_types_h=yes
ac_cv_header_unistd_h=yes
ac_cv_host=x86_64-unknown-linux-gnu
ac_cv_host_alias=x86_64-unknown-linux-gnu
ac_cv_lib_cposix_strerror=no
ac_cv_lib_nsl_gethostbyname=yes
ac_cv_lib_socket_socket=no
ac_cv_mpi_config_done=yes
ac_cv_mpi_mod_list=' mpih-add1 mpih-sub1 mpih-mul1 mpih-mul2 mpih-mul3 mpih-lshift mpih-rshift'
ac_cv_mpi_sflags=
ac_cv_objext=o
ac_cv_path_GPG_ERROR_CONFIG=/g/g19/liu50/workspace/launchmon-dev/tools/libgpg-error/src/gpg-error-config
ac_cv_path_install='/usr/bin/install -c'
ac_cv_prog_AWK=gawk
ac_cv_prog_CPP='gcc -E'
ac_cv_prog_CXXCPP='g++ -E'
ac_cv_prog_ac_ct_AR=ar
ac_cv_prog_ac_ct_CC=gcc
ac_cv_prog_ac_ct_CXX=g++
ac_cv_prog_ac_ct_F77=g77
ac_cv_prog_ac_ct_RANLIB=ranlib
ac_cv_prog_ac_ct_STRIP=strip
ac_cv_prog_cc_g=yes
ac_cv_prog_cc_stdc=
ac_cv_prog_cxx_g=yes
ac_cv_prog_egrep='grep -E'
ac_cv_prog_f77_g=yes
ac_cv_prog_make_make_set=yes
ac_cv_sizeof_unsigned_int=4
ac_cv_sizeof_unsigned_long=8
ac_cv_sizeof_unsigned_long_long=8
ac_cv_sizeof_unsigned_short=2
ac_cv_sys_symbol_underscore=no
ac_cv_target=x86_64-unknown-linux-gnu
ac_cv_target_alias=x86_64-unknown-linux-gnu
ac_cv_type_signal=void
ac_cv_type_size_t=yes
ac_cv_type_socklen_t=yes
ac_cv_type_unsigned_int=yes
ac_cv_type_unsigned_long=yes
ac_cv_type_unsigned_long_long=yes
ac_cv_type_unsigned_short=yes
am_cv_CC_dependencies_compiler_type=gcc3
am_cv_CXX_dependencies_compiler_type=gcc3
gnupg_cv_have_broken_mlock=no
gnupg_cv_typedef_byte=no
gnupg_cv_typedef_u16=no
gnupg_cv_typedef_u32=no
gnupg_cv_typedef_ulong=yes
gnupg_cv_typedef_ushort=yes
lt_cv_deplibs_check_method=pass_all
lt_cv_file_magic_cmd='$MAGIC_CMD'
lt_cv_file_magic_test_file=
lt_cv_ld_reload_flag=-r
lt_cv_objdir=.libs
lt_cv_path_LD='/usr/local/bin/ld -m elf_x86_64'
lt_cv_path_LDCXX='/usr/local/bin/ld -m elf_x86_64 -m elf_x86_64'
lt_cv_path_NM='/usr/bin/nm -B'
lt_cv_path_SED=/bin/sed
lt_cv_prog_compiler_c_o=yes
lt_cv_prog_compiler_c_o_CXX=yes
lt_cv_prog_compiler_c_o_F77=yes
lt_cv_prog_compiler_rtti_exceptions=no
lt_cv_prog_gnu_ld=yes
lt_cv_prog_gnu_ldcxx=yes
lt_cv_sys_global_symbol_pipe='sed -n -e '\''s/^.*[ 	]\([ABCDGIRSTW][ABCDGIRSTW]*\)[ 	][ 	]*\(\)\([_A-Za-z][_A-Za-z0-9]*\)$/\1 \2\3 \3/p'\'''
lt_cv_sys_global_symbol_to_c_name_address='sed -n -e '\''s/^: \([^ ]*\) $/  {\"\1\", (lt_ptr) 0},/p'\'' -e '\''s/^[BCDEGRST] \([^ ]*\) \([^ ]*\)$/  {"\2", (lt_ptr) \&\2},/p'\'''
lt_cv_sys_global_symbol_to_cdecl='sed -n -e '\''s/^. .* \(.*\)$/extern int \1;/p'\'''
lt_cv_sys_max_cmd_len=32768
lt_lt_cv_prog_compiler_c_o='"yes"'
lt_lt_cv_prog_compiler_c_o_CXX='"yes"'
lt_lt_cv_prog_compiler_c_o_F77='"yes"'
lt_lt_cv_sys_global_symbol_pipe='"sed -n -e '\''s/^.*[ 	]\\([ABCDGIRSTW][ABCDGIRSTW]*\\)[ 	][ 	]*\\(\\)\\([_A-Za-z][_A-Za-z0-9]*\\)\$/\\1 \\2\\3 \\3/p'\''"'
lt_lt_cv_sys_global_symbol_to_c_name_address='"sed -n -e '\''s/^: \\([^ ]*\\) \$/  {\\\"\\1\\\", (lt_ptr) 0},/p'\'' -e '\''s/^[BCDEGRST] \\([^ ]*\\) \\([^ ]*\\)\$/  {\"\\2\", (lt_ptr) \\&\\2},/p'\''"'
lt_lt_cv_sys_global_symbol_to_cdecl='"sed -n -e '\''s/^. .* \\(.*\\)\$/extern int \\1;/p'\''"'

## ----------------- ##
## Output variables. ##
## ----------------- ##

ACLOCAL='${SHELL} /g/g19/liu50/workspace/launchmon-dev/tools/libgcrypt/missing --run aclocal-1.7'
AMDEPBACKSLASH='\'
AMDEP_FALSE='#'
AMDEP_TRUE=''
AMTAR='${SHELL} /g/g19/liu50/workspace/launchmon-dev/tools/libgcrypt/missing --run tar'
AR='ar'
AUTOCONF='${SHELL} /g/g19/liu50/workspace/launchmon-dev/tools/libgcrypt/missing --run autoconf'
AUTOHEADER='${SHELL} /g/g19/liu50/workspace/launchmon-dev/tools/libgcrypt/missing --run autoheader'
AUTOMAKE='${SHELL} /g/g19/liu50/workspace/launchmon-dev/tools/libgcrypt/missing --run automake-1.7'
AWK='gawk'
CC='gcc'
CCAS='$(CC)'
CCASFLAGS='$(CFLAGS)'
CCDEPMODE='depmode=gcc3'
CFLAGS='-g  -Wall'
CPP='gcc -E'
CPPFLAGS=''
CROSS_COMPILING_FALSE=''
CROSS_COMPILING_TRUE='#'
CXX='g++'
CXXCPP='g++ -E'
CXXDEPMODE='depmode=gcc3'
CXXFLAGS='-g '
CYGPATH_W='echo'
DEFS='-DHAVE_CONFIG_H'
DEPDIR='.deps'
ECHO='echo'
ECHO_C=''
ECHO_N='-n'
ECHO_T=''
EGREP='grep -E'
EXEEXT=''
F77='g77'
FFLAGS='-g -O2'
GCRYPT_CIPHERS=' arcfour.lo blowfish.lo cast5.lo des.lo rijndael.lo twofish.lo serpent.lo rfc2268.lo'
GCRYPT_DIGESTS=' crc.lo md4.lo md5.lo sha256.lo sha512.lo tiger.lo rmd160.lo sha1.lo'
GCRYPT_PUBKEY_CIPHERS=' dsa.lo rsa.lo elgamal.lo'
GCRYPT_RANDOM=' rndlinux.lo'
GPG_ERROR_CFLAGS='-I/g/g19/liu50/bin/cab/include -I/g/g19/liu50/workspace/launchmon-dev/tools/libgpg-error/src'
GPG_ERROR_CONFIG='/g/g19/liu50/workspace/launchmon-dev/tools/libgpg-error/src/gpg-error-config'
GPG_ERROR_LIBS='-L/g/g19/liu50/bin/cab/lib -L/g/g19/liu50/workspace/launchmon-dev/tools/libgpg-error/src -lgpg-error'
HAVE_LD_VERSION_SCRIPT_FALSE='#'
HAVE_LD_VERSION_SCRIPT_TRUE=''
INSTALL_DATA='${INSTALL} -m 644'
INSTALL_PROGRAM='${INSTALL}'
INSTALL_SCRIPT='${INSTALL}'
INSTALL_STRIP_PROGRAM='${SHELL} $(install_sh) -c -s'
LDFLAGS=''
LIBGCRYPT_CIPHERS='arcfour blowfish cast5 des aes twofish serpent rfc2268'
LIBGCRYPT_CONFIG_API_VERSION='1'
LIBGCRYPT_CONFIG_CFLAGS=''
LIBGCRYPT_CONFIG_LIBS='-lgcrypt'
LIBGCRYPT_DIGESTS='crc md4 md5 rmd160 sha1 sha256 sha512 tiger'
LIBGCRYPT_LT_AGE='1'
LIBGCRYPT_LT_CURRENT='12'
LIBGCRYPT_LT_REVISION='1'
LIBGCRYPT_PUBKEY_CIPHERS='dsa elgamal rsa'
LIBGCRYPT_THREAD_MODULES=''
LIBOBJS=''
LIBS='-lnsl  -lnsl'
LIBTOOL='$(SHELL) $(top_builddir)/libtool'
LN_S='ln -s'
LTLIBOBJS=''
MAINT='#'
MAINTAINER_MODE_FALSE=''
MAINTAINER_MODE_TRUE='#'
MAKEINFO='${SHELL} /g/g19/liu50/workspace/launchmon-dev/tools/libgcrypt/missing --run makeinfo'
MPI_MOD_LIST_LO=' mpih-add1.lo mpih-sub1.lo mpih-mul1.lo mpih-mul2.lo mpih-mul3.lo mpih-lshift.lo mpih-rshift.lo'
MPI_MOD_LIST_O=' mpih-add1.o mpih-sub1.o mpih-mul1.o mpih-mul2.o mpih-mul3.o mpih-lshift.o mpih-rshift.o'
MPI_SFLAGS=''
OBJEXT='o'
PACKAGE='libgcrypt'
PACKAGE_BUGREPORT='bug-libgcrypt@gnupg.org'
PACKAGE_NAME='libgcrypt'
PACKAGE_STRING='libgcrypt 1.2.0'
PACKAGE_TARNAME='libgcrypt'
PACKAGE_VERSION='1.2.0'
PATH_SEPARATOR=':'
RANLIB='ranlib'
SET_MAKE=''
SHELL='/bin/sh'
STRIP='strip'
VERSION='1.2.0'
ac_ct_AR='ar'
ac_ct_CC='gcc'
ac_ct_CXX='g++'
ac_ct_F77='g77'
ac_ct_RANLIB='ranlib'
ac_ct_STRIP='strip'
am__fastdepCC_FALSE='#'
am__fastdepCC_TRUE=''
am__fastdepCXX_FALSE='#'
am__fastdepCXX_TRUE=''
am__include='include'
am__leading_dot='.'
am__quote=''
bindir='${exec_prefix}/bin'
build='x86_64-unknown-linux-gnu'
build_alias=''
build_cpu='x86_64'
build_os='linux-gnu'
build_vendor='unknown'
datadir='${prefix}/share'
exec_prefix='${prefix}'
host='x86_64-unknown-linux-gnu'
host_alias=''
host_cpu='x86_64'
host_os='linux-gnu'
host_vendor='unknown'
includedir='${prefix}/include'
infodir='${prefix}/info'
install_sh='/g/g19/liu50/workspace/launchmon-dev/tools/libgcrypt/install-sh'
libdir='${exec_prefix}/lib'
libexecdir='${exec_prefix}/libexec'
localstatedir='${prefix}/var'
mandir='${prefix}/man'
oldincludedir='/usr/include'
prefix='/g/g19/liu50/bin/cab'
program_transform_name='s,x,x,'
sbindir='${exec_prefix}/sbin'
sharedstatedir='${prefix}/com'
sysconfdir='${prefix}/etc'
target='x86_64-unknown-linux-gnu'
target_alias=''
target_cpu='x86_64'
target_os='linux-gnu'
target_vendor='unknown'

## ----------- ##
## confdefs.h. ##
## ----------- ##

#define EGD_SOCKET_NAME ""
#define GPG_ERR_SOURCE_DEFAULT GPG_ERR_SOURCE_GCRYPT
#define HAVE_ATEXIT 1
#define HAVE_DECL_SYS_SIGLIST 1
#define HAVE_DEV_RANDOM 1
#define HAVE_DLFCN_H 1
#define HAVE_GETPAGESIZE 1
#define HAVE_GETRUSAGE 1
#define HAVE_GETTIMEOFDAY 1
#define HAVE_INTTYPES_H 1
#define HAVE_LIBNSL 1
#define HAVE_MEMMOVE 1
#define HAVE_MEMORY_H 1
#define HAVE_MLOCK 1
#define HAVE_MMAP 1
#define HAVE_RAISE 1
#define HAVE_RAND 1
#define HAVE_STDINT_H 1
#define HAVE_STDLIB_H 1
#define HAVE_STPCPY 1
#define HAVE_STRCASECMP 1
#define HAVE_STRERROR 1
#define HAVE_STRINGS_H 1
#define HAVE_STRING_H 1
#define HAVE_STRTOUL 1
#define HAVE_SYS_SELECT_H 1
#define HAVE_SYS_STAT_H 1
#define HAVE_SYS_TYPES_H 1
#define HAVE_ULONG_TYPEDEF 1
#define HAVE_UNISTD_H 1
#define HAVE_UNISTD_H 1
#define HAVE_USHORT_TYPEDEF 1
#define HAVE_VPRINTF 1
#define HAVE_WAIT4 1
#define HAVE_WAITPID 1
#define NAME_OF_DEV_RANDOM "/dev/random"
#define NAME_OF_DEV_URANDOM "/dev/urandom"
#define PACKAGE "libgcrypt"
#define PACKAGE "libgcrypt"
#define PACKAGE_BUGREPORT "bug-libgcrypt@gnupg.org"
#define PACKAGE_NAME "libgcrypt"
#define PACKAGE_STRING "libgcrypt 1.2.0"
#define PACKAGE_TARNAME "libgcrypt"
#define PACKAGE_VERSION "1.2.0"
#define PRINTABLE_OS_NAME "GNU/Linux"
#define RETSIGTYPE void
#define SIZEOF_UNSIGNED_INT 4
#define SIZEOF_UNSIGNED_LONG 8
#define SIZEOF_UNSIGNED_LONG_LONG 8
#define SIZEOF_UNSIGNED_SHORT 2
#define STDC_HEADERS 1
#define STDC_HEADERS 1
#define USE_AES 1
#define USE_ARCFOUR 1
#define USE_BLOWFISH 1
#define USE_CAST5 1
#define USE_CRC 1
#define USE_DES 1
#define USE_DSA 1
#define USE_ELGAMAL 1
#define USE_MD4 1
#define USE_MD5 1
#define USE_RFC2268 1
#define USE_RMD160 1
#define USE_RNDEGD 0
#define USE_RNDLINUX 1
#define USE_RNDUNIX 0
#define USE_RNDW32 0
#define USE_RSA 1
#define USE_SERPENT 1
#define USE_SHA1 1
#define USE_SHA256 1
#define USE_SHA512 1
#define USE_TIGER 1
#define USE_TWOFISH 1
#define VERSION "1.2.0"
#define VERSION "1.2.0"
#endif
#ifdef __cplusplus
extern "C" void exit (int) throw ();

configure: exit 0
